[0.126s] DEBUG:colcon:Command line arguments: ['/usr/bin/colcon', 'build', '--packages-select=motor_controller']
[0.126s] DEBUG:colcon:Parsed command line arguments: Namespace(allow_overriding=[], ament_cmake_args=None, base_paths=['.'], build_base='build', catkin_cmake_args=None, catkin_skip_building_tests=False, cmake_args=None, cmake_clean_cache=False, cmake_clean_first=False, cmake_force_configure=False, cmake_target=None, cmake_target_skip_unavailable=False, continue_on_error=False, event_handlers=None, executor='parallel', ignore_user_meta=False, install_base='install', log_base=None, log_level=None, main=<bound method BuildVerb.main of <colcon_core.verb.build.BuildVerb object at 0x7fabccfcbf70>>, merge_install=False, metas=['./colcon.meta'], mixin=None, mixin_files=None, mixin_verb=('build',), packages_above=None, packages_above_and_dependencies=None, packages_above_depth=None, packages_end=None, packages_ignore=None, packages_ignore_regex=None, packages_select=['motor_controller'], packages_select_build_failed=False, packages_select_by_dep=None, packages_select_regex=None, packages_select_test_failures=False, packages_skip=None, packages_skip_build_finished=False, packages_skip_by_dep=None, packages_skip_regex=None, packages_skip_test_passed=False, packages_skip_up_to=None, packages_start=None, packages_up_to=None, packages_up_to_regex=None, parallel_workers=4, paths=None, symlink_install=False, test_result_base=None, verb_extension=<colcon_core.verb.build.BuildVerb object at 0x7fabccfcbf70>, verb_name='build', verb_parser=<colcon_mixin.mixin.mixin_argument.MixinArgumentDecorator object at 0x7fabccec32e0>)
[0.215s] Level 1:colcon.colcon_core.package_discovery:discover_packages(colcon_meta) check parameters
[0.216s] Level 1:colcon.colcon_core.package_discovery:discover_packages(recursive) check parameters
[0.216s] Level 1:colcon.colcon_core.package_discovery:discover_packages(ignore) check parameters
[0.216s] Level 1:colcon.colcon_core.package_discovery:discover_packages(path) check parameters
[0.216s] Level 1:colcon.colcon_core.package_discovery:discover_packages(colcon_meta) discover
[0.216s] Level 1:colcon.colcon_core.package_discovery:discover_packages(recursive) discover
[0.216s] INFO:colcon.colcon_core.package_discovery:Crawling recursively for packages in '/home/bzvm/Drivetrain'
[0.217s] Level 1:colcon.colcon_core.package_identification:_identify(.) by extensions ['ignore', 'ignore_ament_install']
[0.217s] Level 1:colcon.colcon_core.package_identification:_identify(.) by extension 'ignore'
[0.217s] Level 1:colcon.colcon_core.package_identification:_identify(.) by extension 'ignore_ament_install'
[0.217s] Level 1:colcon.colcon_core.package_identification:_identify(.) by extensions ['colcon_pkg']
[0.217s] Level 1:colcon.colcon_core.package_identification:_identify(.) by extension 'colcon_pkg'
[0.217s] Level 1:colcon.colcon_core.package_identification:_identify(.) by extensions ['colcon_meta']
[0.217s] Level 1:colcon.colcon_core.package_identification:_identify(.) by extension 'colcon_meta'
[0.217s] Level 1:colcon.colcon_core.package_identification:_identify(.) by extensions ['ros']
[0.218s] Level 1:colcon.colcon_core.package_identification:_identify(.) by extension 'ros'
[0.225s] Level 1:colcon.colcon_core.package_identification:_identify(.) by extensions ['cmake', 'python']
[0.225s] Level 1:colcon.colcon_core.package_identification:_identify(.) by extension 'cmake'
[0.225s] Level 1:colcon.colcon_core.package_identification:_identify(.) by extension 'python'
[0.226s] Level 1:colcon.colcon_core.package_identification:_identify(.) by extensions ['python_setup_py']
[0.226s] Level 1:colcon.colcon_core.package_identification:_identify(.) by extension 'python_setup_py'
[0.226s] Level 1:colcon.colcon_core.package_identification:_identify(Motor-Controller) by extensions ['ignore', 'ignore_ament_install']
[0.226s] Level 1:colcon.colcon_core.package_identification:_identify(Motor-Controller) by extension 'ignore'
[0.226s] Level 1:colcon.colcon_core.package_identification:_identify(Motor-Controller) by extension 'ignore_ament_install'
[0.227s] Level 1:colcon.colcon_core.package_identification:_identify(Motor-Controller) by extensions ['colcon_pkg']
[0.227s] Level 1:colcon.colcon_core.package_identification:_identify(Motor-Controller) by extension 'colcon_pkg'
[0.227s] Level 1:colcon.colcon_core.package_identification:_identify(Motor-Controller) by extensions ['colcon_meta']
[0.227s] Level 1:colcon.colcon_core.package_identification:_identify(Motor-Controller) by extension 'colcon_meta'
[0.227s] Level 1:colcon.colcon_core.package_identification:_identify(Motor-Controller) by extensions ['ros']
[0.227s] Level 1:colcon.colcon_core.package_identification:_identify(Motor-Controller) by extension 'ros'
[0.229s] DEBUG:colcon.colcon_core.package_identification:Package 'Motor-Controller' with type 'ros.ament_cmake' and name 'motor_controller'
[0.230s] Level 1:colcon.colcon_core.package_identification:_identify(build) by extensions ['ignore', 'ignore_ament_install']
[0.230s] Level 1:colcon.colcon_core.package_identification:_identify(build) by extension 'ignore'
[0.230s] Level 1:colcon.colcon_core.package_identification:_identify(build) ignored
[0.230s] Level 1:colcon.colcon_core.package_identification:_identify(install) by extensions ['ignore', 'ignore_ament_install']
[0.230s] Level 1:colcon.colcon_core.package_identification:_identify(install) by extension 'ignore'
[0.230s] Level 1:colcon.colcon_core.package_identification:_identify(install) ignored
[0.231s] Level 1:colcon.colcon_core.package_identification:_identify(log) by extensions ['ignore', 'ignore_ament_install']
[0.231s] Level 1:colcon.colcon_core.package_identification:_identify(log) by extension 'ignore'
[0.231s] Level 1:colcon.colcon_core.package_identification:_identify(log) ignored
[0.231s] Level 1:colcon.colcon_core.package_discovery:discover_packages(recursive) using defaults
[0.231s] Level 1:colcon.colcon_core.package_discovery:discover_packages(ignore) discover
[0.231s] Level 1:colcon.colcon_core.package_discovery:discover_packages(ignore) using defaults
[0.232s] Level 1:colcon.colcon_core.package_discovery:discover_packages(path) discover
[0.232s] Level 1:colcon.colcon_core.package_discovery:discover_packages(path) using defaults
[0.243s] Level 1:colcon.colcon_core.package_discovery:discover_packages(prefix_path) check parameters
[0.243s] Level 1:colcon.colcon_core.package_discovery:discover_packages(prefix_path) discover
[0.245s] DEBUG:colcon.colcon_installed_package_information.package_discovery:Found 294 installed packages in /opt/ros/galactic
[0.246s] Level 1:colcon.colcon_core.package_discovery:discover_packages(prefix_path) using defaults
[0.294s] Level 5:colcon.colcon_core.verb:set package 'motor_controller' build argument 'cmake_args' from command line to 'None'
[0.294s] Level 5:colcon.colcon_core.verb:set package 'motor_controller' build argument 'cmake_target' from command line to 'None'
[0.294s] Level 5:colcon.colcon_core.verb:set package 'motor_controller' build argument 'cmake_target_skip_unavailable' from command line to 'False'
[0.294s] Level 5:colcon.colcon_core.verb:set package 'motor_controller' build argument 'cmake_clean_cache' from command line to 'False'
[0.294s] Level 5:colcon.colcon_core.verb:set package 'motor_controller' build argument 'cmake_clean_first' from command line to 'False'
[0.294s] Level 5:colcon.colcon_core.verb:set package 'motor_controller' build argument 'cmake_force_configure' from command line to 'False'
[0.295s] Level 5:colcon.colcon_core.verb:set package 'motor_controller' build argument 'ament_cmake_args' from command line to 'None'
[0.295s] Level 5:colcon.colcon_core.verb:set package 'motor_controller' build argument 'catkin_cmake_args' from command line to 'None'
[0.295s] Level 5:colcon.colcon_core.verb:set package 'motor_controller' build argument 'catkin_skip_building_tests' from command line to 'False'
[0.295s] DEBUG:colcon.colcon_core.verb:Building package 'motor_controller' with the following arguments: {'ament_cmake_args': None, 'build_base': '/home/bzvm/Drivetrain/build/motor_controller', 'catkin_cmake_args': None, 'catkin_skip_building_tests': False, 'cmake_args': None, 'cmake_clean_cache': False, 'cmake_clean_first': False, 'cmake_force_configure': False, 'cmake_target': None, 'cmake_target_skip_unavailable': False, 'install_base': '/home/bzvm/Drivetrain/install/motor_controller', 'merge_install': False, 'path': '/home/bzvm/Drivetrain/Motor-Controller', 'symlink_install': False, 'test_result_base': None}
[0.295s] INFO:colcon.colcon_core.executor:Executing jobs using 'parallel' executor
[0.297s] DEBUG:colcon.colcon_parallel_executor.executor.parallel:run_until_complete
[0.297s] INFO:colcon.colcon_ros.task.ament_cmake.build:Building ROS package in '/home/bzvm/Drivetrain/Motor-Controller' with build type 'ament_cmake'
[0.297s] INFO:colcon.colcon_cmake.task.cmake.build:Building CMake package in '/home/bzvm/Drivetrain/Motor-Controller'
[0.299s] INFO:colcon.colcon_core.plugin_system:Skipping extension 'colcon_core.shell.bat': Not used on non-Windows systems
[0.299s] INFO:colcon.colcon_core.shell:Skip shell extension 'powershell' for command environment: Not usable outside of PowerShell
[0.300s] DEBUG:colcon.colcon_core.shell:Skip shell extension 'dsv' for command environment
[0.311s] DEBUG:colcon.colcon_core.event_handler.log_command:Invoking command in '/home/bzvm/Drivetrain/build/motor_controller': CMAKE_PREFIX_PATH=/opt/ros/galactic /usr/bin/cmake /home/bzvm/Drivetrain/Motor-Controller -DCMAKE_INSTALL_PREFIX=/home/bzvm/Drivetrain/install/motor_controller
[1.908s] DEBUG:colcon.colcon_core.event_handler.log_command:Invoked command in '/home/bzvm/Drivetrain/build/motor_controller' returned '0': CMAKE_PREFIX_PATH=/opt/ros/galactic /usr/bin/cmake /home/bzvm/Drivetrain/Motor-Controller -DCMAKE_INSTALL_PREFIX=/home/bzvm/Drivetrain/install/motor_controller
[1.911s] DEBUG:colcon.colcon_core.event_handler.log_command:Invoking command in '/home/bzvm/Drivetrain/build/motor_controller': CMAKE_PREFIX_PATH=/opt/ros/galactic /usr/bin/cmake --build /home/bzvm/Drivetrain/build/motor_controller -- -j4 -l4
[14.150s] DEBUG:colcon.colcon_core.event_handler.log_command:Invoked command in '/home/bzvm/Drivetrain/build/motor_controller' returned '0': CMAKE_PREFIX_PATH=/opt/ros/galactic /usr/bin/cmake --build /home/bzvm/Drivetrain/build/motor_controller -- -j4 -l4
[14.318s] DEBUG:colcon.colcon_core.event_handler.log_command:Invoking command in '/home/bzvm/Drivetrain/build/motor_controller': CMAKE_PREFIX_PATH=/opt/ros/galactic /usr/bin/cmake --install /home/bzvm/Drivetrain/build/motor_controller
[14.381s] Level 1:colcon.colcon_core.environment:create_environment_scripts_only(motor_controller)
[14.381s] DEBUG:colcon.colcon_core.event_handler.log_command:Invoked command in '/home/bzvm/Drivetrain/build/motor_controller' returned '0': CMAKE_PREFIX_PATH=/opt/ros/galactic /usr/bin/cmake --install /home/bzvm/Drivetrain/build/motor_controller
[14.383s] Level 1:colcon.colcon_core.environment:checking '/home/bzvm/Drivetrain/install/motor_controller' for CMake module files
[14.383s] Level 1:colcon.colcon_core.environment:checking '/home/bzvm/Drivetrain/install/motor_controller' for CMake config files
[14.384s] Level 1:colcon.colcon_core.shell:create_environment_hook('motor_controller', 'cmake_prefix_path')
[14.384s] INFO:colcon.colcon_core.shell:Creating environment hook '/home/bzvm/Drivetrain/install/motor_controller/share/motor_controller/hook/cmake_prefix_path.ps1'
[14.385s] INFO:colcon.colcon_core.shell:Creating environment descriptor '/home/bzvm/Drivetrain/install/motor_controller/share/motor_controller/hook/cmake_prefix_path.dsv'
[14.385s] INFO:colcon.colcon_core.shell:Creating environment hook '/home/bzvm/Drivetrain/install/motor_controller/share/motor_controller/hook/cmake_prefix_path.sh'
[14.386s] Level 1:colcon.colcon_core.environment:checking '/home/bzvm/Drivetrain/install/motor_controller/lib'
[14.386s] Level 1:colcon.colcon_core.shell:create_environment_hook('motor_controller', 'ld_library_path_lib')
[14.387s] INFO:colcon.colcon_core.shell:Creating environment hook '/home/bzvm/Drivetrain/install/motor_controller/share/motor_controller/hook/ld_library_path_lib.ps1'
[14.387s] INFO:colcon.colcon_core.shell:Creating environment descriptor '/home/bzvm/Drivetrain/install/motor_controller/share/motor_controller/hook/ld_library_path_lib.dsv'
[14.387s] INFO:colcon.colcon_core.shell:Creating environment hook '/home/bzvm/Drivetrain/install/motor_controller/share/motor_controller/hook/ld_library_path_lib.sh'
[14.388s] Level 1:colcon.colcon_core.environment:checking '/home/bzvm/Drivetrain/install/motor_controller/bin'
[14.388s] Level 1:colcon.colcon_core.environment:checking '/home/bzvm/Drivetrain/install/motor_controller/lib/pkgconfig/motor_controller.pc'
[14.388s] Level 1:colcon.colcon_core.environment:checking '/home/bzvm/Drivetrain/install/motor_controller/lib/python3.8/site-packages'
[14.388s] Level 1:colcon.colcon_core.shell:create_environment_hook('motor_controller', 'pythonpath')
[14.388s] INFO:colcon.colcon_core.shell:Creating environment hook '/home/bzvm/Drivetrain/install/motor_controller/share/motor_controller/hook/pythonpath.ps1'
[14.388s] INFO:colcon.colcon_core.shell:Creating environment descriptor '/home/bzvm/Drivetrain/install/motor_controller/share/motor_controller/hook/pythonpath.dsv'
[14.389s] INFO:colcon.colcon_core.shell:Creating environment hook '/home/bzvm/Drivetrain/install/motor_controller/share/motor_controller/hook/pythonpath.sh'
[14.389s] Level 1:colcon.colcon_core.environment:checking '/home/bzvm/Drivetrain/install/motor_controller/bin'
[14.390s] INFO:colcon.colcon_core.shell:Creating package script '/home/bzvm/Drivetrain/install/motor_controller/share/motor_controller/package.ps1'
[14.390s] INFO:colcon.colcon_core.shell:Creating package descriptor '/home/bzvm/Drivetrain/install/motor_controller/share/motor_controller/package.dsv'
[14.391s] INFO:colcon.colcon_core.shell:Creating package script '/home/bzvm/Drivetrain/install/motor_controller/share/motor_controller/package.sh'
[14.392s] INFO:colcon.colcon_core.shell:Creating package script '/home/bzvm/Drivetrain/install/motor_controller/share/motor_controller/package.bash'
[14.392s] INFO:colcon.colcon_core.shell:Creating package script '/home/bzvm/Drivetrain/install/motor_controller/share/motor_controller/package.zsh'
[14.394s] Level 1:colcon.colcon_core.environment:create_file_with_runtime_dependencies(/home/bzvm/Drivetrain/install/motor_controller/share/colcon-core/packages/motor_controller)
[14.553s] Level 1:colcon.colcon_core.environment:create_environment_scripts_only(motor_controller)
[14.553s] Level 1:colcon.colcon_core.environment:checking '/home/bzvm/Drivetrain/install/motor_controller' for CMake module files
[14.554s] Level 1:colcon.colcon_core.environment:checking '/home/bzvm/Drivetrain/install/motor_controller' for CMake config files
[14.554s] Level 1:colcon.colcon_core.shell:create_environment_hook('motor_controller', 'cmake_prefix_path')
[14.555s] INFO:colcon.colcon_core.shell:Creating environment hook '/home/bzvm/Drivetrain/install/motor_controller/share/motor_controller/hook/cmake_prefix_path.ps1'
[14.555s] INFO:colcon.colcon_core.shell:Creating environment descriptor '/home/bzvm/Drivetrain/install/motor_controller/share/motor_controller/hook/cmake_prefix_path.dsv'
[14.556s] INFO:colcon.colcon_core.shell:Creating environment hook '/home/bzvm/Drivetrain/install/motor_controller/share/motor_controller/hook/cmake_prefix_path.sh'
[14.556s] Level 1:colcon.colcon_core.environment:checking '/home/bzvm/Drivetrain/install/motor_controller/lib'
[14.557s] Level 1:colcon.colcon_core.shell:create_environment_hook('motor_controller', 'ld_library_path_lib')
[14.557s] INFO:colcon.colcon_core.shell:Creating environment hook '/home/bzvm/Drivetrain/install/motor_controller/share/motor_controller/hook/ld_library_path_lib.ps1'
[14.557s] INFO:colcon.colcon_core.shell:Creating environment descriptor '/home/bzvm/Drivetrain/install/motor_controller/share/motor_controller/hook/ld_library_path_lib.dsv'
[14.558s] INFO:colcon.colcon_core.shell:Creating environment hook '/home/bzvm/Drivetrain/install/motor_controller/share/motor_controller/hook/ld_library_path_lib.sh'
[14.558s] Level 1:colcon.colcon_core.environment:checking '/home/bzvm/Drivetrain/install/motor_controller/bin'
[14.558s] Level 1:colcon.colcon_core.environment:checking '/home/bzvm/Drivetrain/install/motor_controller/lib/pkgconfig/motor_controller.pc'
[14.558s] Level 1:colcon.colcon_core.environment:checking '/home/bzvm/Drivetrain/install/motor_controller/lib/python3.8/site-packages'
[14.559s] Level 1:colcon.colcon_core.shell:create_environment_hook('motor_controller', 'pythonpath')
[14.559s] INFO:colcon.colcon_core.shell:Creating environment hook '/home/bzvm/Drivetrain/install/motor_controller/share/motor_controller/hook/pythonpath.ps1'
[14.559s] INFO:colcon.colcon_core.shell:Creating environment descriptor '/home/bzvm/Drivetrain/install/motor_controller/share/motor_controller/hook/pythonpath.dsv'
[14.559s] INFO:colcon.colcon_core.shell:Creating environment hook '/home/bzvm/Drivetrain/install/motor_controller/share/motor_controller/hook/pythonpath.sh'
[14.560s] Level 1:colcon.colcon_core.environment:checking '/home/bzvm/Drivetrain/install/motor_controller/bin'
[14.560s] INFO:colcon.colcon_core.shell:Creating package script '/home/bzvm/Drivetrain/install/motor_controller/share/motor_controller/package.ps1'
[14.561s] INFO:colcon.colcon_core.shell:Creating package descriptor '/home/bzvm/Drivetrain/install/motor_controller/share/motor_controller/package.dsv'
[14.562s] INFO:colcon.colcon_core.shell:Creating package script '/home/bzvm/Drivetrain/install/motor_controller/share/motor_controller/package.sh'
[14.562s] INFO:colcon.colcon_core.shell:Creating package script '/home/bzvm/Drivetrain/install/motor_controller/share/motor_controller/package.bash'
[14.562s] INFO:colcon.colcon_core.shell:Creating package script '/home/bzvm/Drivetrain/install/motor_controller/share/motor_controller/package.zsh'
[14.563s] Level 1:colcon.colcon_core.environment:create_file_with_runtime_dependencies(/home/bzvm/Drivetrain/install/motor_controller/share/colcon-core/packages/motor_controller)
[14.563s] DEBUG:colcon.colcon_parallel_executor.executor.parallel:closing loop
[14.564s] DEBUG:colcon.colcon_parallel_executor.executor.parallel:loop closed
[14.564s] DEBUG:colcon.colcon_parallel_executor.executor.parallel:run_until_complete finished with '0'
[14.564s] DEBUG:colcon.colcon_core.event_reactor:joining thread
[14.568s] INFO:colcon.colcon_core.plugin_system:Skipping extension 'colcon_notification.desktop_notification.terminal_notifier': Not used on non-Darwin systems
[14.569s] INFO:colcon.colcon_core.plugin_system:Skipping extension 'colcon_notification.desktop_notification.win32': Not used on non-Windows systems
[14.569s] INFO:colcon.colcon_notification.desktop_notification:Sending desktop notification using 'notify2'
[14.585s] DEBUG:colcon.colcon_core.event_reactor:joined thread
[14.585s] INFO:colcon.colcon_core.shell:Creating prefix script '/home/bzvm/Drivetrain/install/local_setup.ps1'
[14.586s] INFO:colcon.colcon_core.shell:Creating prefix util module '/home/bzvm/Drivetrain/install/_local_setup_util_ps1.py'
[14.586s] INFO:colcon.colcon_core.shell:Creating prefix chain script '/home/bzvm/Drivetrain/install/setup.ps1'
[14.587s] INFO:colcon.colcon_core.shell:Creating prefix script '/home/bzvm/Drivetrain/install/local_setup.sh'
[14.587s] INFO:colcon.colcon_core.shell:Creating prefix util module '/home/bzvm/Drivetrain/install/_local_setup_util_sh.py'
[14.588s] INFO:colcon.colcon_core.shell:Creating prefix chain script '/home/bzvm/Drivetrain/install/setup.sh'
[14.588s] INFO:colcon.colcon_core.shell:Creating prefix script '/home/bzvm/Drivetrain/install/local_setup.bash'
[14.588s] INFO:colcon.colcon_core.shell:Creating prefix chain script '/home/bzvm/Drivetrain/install/setup.bash'
[14.589s] INFO:colcon.colcon_core.shell:Creating prefix script '/home/bzvm/Drivetrain/install/local_setup.zsh'
[14.589s] INFO:colcon.colcon_core.shell:Creating prefix chain script '/home/bzvm/Drivetrain/install/setup.zsh'
