-- The C compiler identification is GNU 9.4.0
-- The CXX compiler identification is GNU 9.4.0
-- Check for working C compiler: /usr/bin/cc
-- Check for working C compiler: /usr/bin/cc -- works
-- Detecting C compiler ABI info
-- Detecting C compiler ABI info - done
-- Detecting C compile features
-- Detecting C compile features - done
-- Check for working CXX compiler: /usr/bin/c++
-- Check for working CXX compiler: /usr/bin/c++ -- works
-- Detecting CXX compiler ABI info
-- Detecting CXX compiler ABI info - done
-- Detecting CXX compile features
-- Detecting CXX compile features - done
-- Found ament_cmake: 1.1.6 (/opt/ros/galactic/share/ament_cmake/cmake)
-- Found PythonInterp: /usr/bin/python3 (found suitable version "3.8.10", minimum required is "3") 
-- Using PYTHON_EXECUTABLE: /usr/bin/python3
-- Found rclcpp: 9.2.2 (/opt/ros/galactic/share/rclcpp/cmake)
-- Using single rosidl_typesupport_c: rosidl_typesupport_introspection_c
-- Found rosidl_adapter: 2.2.3 (/opt/ros/galactic/share/rosidl_adapter/cmake)
-- Using single rosidl_typesupport_cpp: rosidl_typesupport_introspection_cpp
-- Found rmw_implementation_cmake: 3.3.1 (/opt/ros/galactic/share/rmw_implementation_cmake/cmake)
-- Found rmw_cyclonedds_cpp: 0.22.6 (/opt/ros/galactic/share/rmw_cyclonedds_cpp/cmake)
-- Using RMW implementation 'rmw_cyclonedds_cpp' as default
-- Looking for pthread.h
-- Looking for pthread.h - found
-- Performing Test CMAKE_HAVE_LIBC_PTHREAD
-- Performing Test CMAKE_HAVE_LIBC_PTHREAD - Failed
-- Looking for pthread_create in pthreads
-- Looking for pthread_create in pthreads - not found
-- Looking for pthread_create in pthread
-- Looking for pthread_create in pthread - found
-- Found Threads: TRUE  
-- Found rclcpp_components: 9.2.2 (/opt/ros/galactic/share/rclcpp_components/cmake)
-- Found rosidl_default_generators: 1.1.1 (/opt/ros/galactic/share/rosidl_default_generators/cmake)
-- Found geometry_msgs: 2.2.4 (/opt/ros/galactic/share/geometry_msgs/cmake)
-- Found rclcpp_lifecycle: 9.2.2 (/opt/ros/galactic/share/rclcpp_lifecycle/cmake)
-- Found sensor_msgs: 2.2.4 (/opt/ros/galactic/share/sensor_msgs/cmake)
-- Found nlohmann_json: /usr/lib/cmake/nlohmann_json/nlohmann_jsonConfig.cmake (found version "3.7.3") 
-- Found PythonInterp: /usr/bin/python3 (found version "3.8.10") 
-- Using single rosidl_typesupport_c: rosidl_typesupport_introspection_c
-- Using single rosidl_typesupport_cpp: rosidl_typesupport_introspection_cpp
-- Found PythonInterp: /usr/bin/python3 (found suitable version "3.8.10", minimum required is "3.5") 
-- Found python_cmake_module: 0.8.1 (/opt/ros/galactic/share/python_cmake_module/cmake)
-- Found PythonLibs: /usr/lib/x86_64-linux-gnu/libpython3.8.so (found suitable version "3.8.10", minimum required is "3.5") 
-- Using PYTHON_EXECUTABLE: /usr/bin/python3
-- Using PYTHON_INCLUDE_DIRS: /usr/include/python3.8
-- Using PYTHON_LIBRARIES: /usr/lib/x86_64-linux-gnu/libpython3.8.so
-- Found PythonExtra: .so  
-- Configuring done
-- Generating done
-- Build files have been written to: /home/bzvm/Drivetrain/build/motor_controller
[35m[1mScanning dependencies of target motor_controller__cpp[0m
[  1%] [34m[1mGenerating C code for ROS interfaces[0m
[  3%] [34m[1mGenerating C++ code for ROS interfaces[0m
[35m[1mScanning dependencies of target motor_controller__rosidl_generator_c[0m
[  3%] Built target motor_controller__cpp
[  5%] [32mBuilding C object CMakeFiles/motor_controller__rosidl_generator_c.dir/rosidl_generator_c/motor_controller/msg/detail/motor_speeds__functions.c.o[0m
[  6%] [32mBuilding C object CMakeFiles/motor_controller__rosidl_generator_c.dir/rosidl_generator_c/motor_controller/msg/detail/arcade_speed__functions.c.o[0m
[  8%] [32mBuilding C object CMakeFiles/motor_controller__rosidl_generator_c.dir/rosidl_generator_c/motor_controller/msg/detail/transition__functions.c.o[0m
[ 10%] [34m[1mGenerating C++ introspection for ROS interfaces[0m
[ 11%] [32mBuilding C object CMakeFiles/motor_controller__rosidl_generator_c.dir/rosidl_generator_c/motor_controller/srv/detail/change_state__functions.c.o[0m
[ 13%] [32mBuilding C object CMakeFiles/motor_controller__rosidl_generator_c.dir/rosidl_generator_c/motor_controller/srv/detail/get_state__functions.c.o[0m
[ 15%] [32mBuilding C object CMakeFiles/motor_controller__rosidl_generator_c.dir/rosidl_generator_c/motor_controller/msg/detail/state__functions.c.o[0m
[ 16%] [32m[1mLinking C shared library libmotor_controller__rosidl_generator_c.so[0m
[ 16%] Built target motor_controller__rosidl_generator_c
[ 18%] [34m[1mGenerating C introspection for ROS interfaces[0m
[35m[1mScanning dependencies of target motor_controller__rosidl_typesupport_introspection_cpp[0m
[ 20%] [32mBuilding CXX object CMakeFiles/motor_controller__rosidl_typesupport_introspection_cpp.dir/rosidl_typesupport_introspection_cpp/motor_controller/msg/detail/arcade_speed__type_support.cpp.o[0m
[ 22%] [32mBuilding CXX object CMakeFiles/motor_controller__rosidl_typesupport_introspection_cpp.dir/rosidl_typesupport_introspection_cpp/motor_controller/msg/detail/motor_speeds__type_support.cpp.o[0m
[ 23%] [32mBuilding CXX object CMakeFiles/motor_controller__rosidl_typesupport_introspection_cpp.dir/rosidl_typesupport_introspection_cpp/motor_controller/msg/detail/transition__type_support.cpp.o[0m
[35m[1mScanning dependencies of target motor_controller__rosidl_typesupport_introspection_c[0m
[ 25%] [32mBuilding C object CMakeFiles/motor_controller__rosidl_typesupport_introspection_c.dir/rosidl_typesupport_introspection_c/motor_controller/msg/detail/arcade_speed__type_support.c.o[0m
[ 27%] [32mBuilding C object CMakeFiles/motor_controller__rosidl_typesupport_introspection_c.dir/rosidl_typesupport_introspection_c/motor_controller/msg/detail/motor_speeds__type_support.c.o[0m
[ 28%] [32mBuilding C object CMakeFiles/motor_controller__rosidl_typesupport_introspection_c.dir/rosidl_typesupport_introspection_c/motor_controller/msg/detail/transition__type_support.c.o[0m
[ 30%] [32mBuilding CXX object CMakeFiles/motor_controller__rosidl_typesupport_introspection_cpp.dir/rosidl_typesupport_introspection_cpp/motor_controller/srv/detail/change_state__type_support.cpp.o[0m
[ 32%] [32mBuilding C object CMakeFiles/motor_controller__rosidl_typesupport_introspection_c.dir/rosidl_typesupport_introspection_c/motor_controller/srv/detail/change_state__type_support.c.o[0m
[ 33%] [32mBuilding CXX object CMakeFiles/motor_controller__rosidl_typesupport_introspection_cpp.dir/rosidl_typesupport_introspection_cpp/motor_controller/srv/detail/get_state__type_support.cpp.o[0m
[ 35%] [32mBuilding C object CMakeFiles/motor_controller__rosidl_typesupport_introspection_c.dir/rosidl_typesupport_introspection_c/motor_controller/srv/detail/get_state__type_support.c.o[0m
[ 37%] [32mBuilding C object CMakeFiles/motor_controller__rosidl_typesupport_introspection_c.dir/rosidl_typesupport_introspection_c/motor_controller/msg/detail/state__type_support.c.o[0m
[ 38%] [32mBuilding CXX object CMakeFiles/motor_controller__rosidl_typesupport_introspection_cpp.dir/rosidl_typesupport_introspection_cpp/motor_controller/msg/detail/state__type_support.cpp.o[0m
[ 40%] [32m[1mLinking C shared library libmotor_controller__rosidl_typesupport_introspection_c.so[0m
[ 40%] Built target motor_controller__rosidl_typesupport_introspection_c
[ 42%] [34m[1mGenerating C type support dispatch for ROS interfaces[0m
[ 44%] [32m[1mLinking CXX shared library libmotor_controller__rosidl_typesupport_introspection_cpp.so[0m
[ 44%] Built target motor_controller__rosidl_typesupport_introspection_cpp
[ 45%] [34m[1mGenerating C++ type support dispatch for ROS interfaces[0m
[35m[1mScanning dependencies of target motor_controller__rosidl_typesupport_c[0m
[ 47%] [32mBuilding CXX object CMakeFiles/motor_controller__rosidl_typesupport_c.dir/rosidl_typesupport_c/motor_controller/msg/arcade_speed__type_support.cpp.o[0m
[ 49%] [32mBuilding CXX object CMakeFiles/motor_controller__rosidl_typesupport_c.dir/rosidl_typesupport_c/motor_controller/msg/motor_speeds__type_support.cpp.o[0m
[ 50%] [32mBuilding CXX object CMakeFiles/motor_controller__rosidl_typesupport_c.dir/rosidl_typesupport_c/motor_controller/msg/transition__type_support.cpp.o[0m
[ 52%] [32mBuilding CXX object CMakeFiles/motor_controller__rosidl_typesupport_c.dir/rosidl_typesupport_c/motor_controller/srv/change_state__type_support.cpp.o[0m
[ 54%] [32mBuilding CXX object CMakeFiles/motor_controller__rosidl_typesupport_c.dir/rosidl_typesupport_c/motor_controller/srv/get_state__type_support.cpp.o[0m
[ 55%] [32mBuilding CXX object CMakeFiles/motor_controller__rosidl_typesupport_c.dir/rosidl_typesupport_c/motor_controller/msg/state__type_support.cpp.o[0m
[ 57%] [32m[1mLinking CXX shared library libmotor_controller__rosidl_typesupport_c.so[0m
[ 57%] Built target motor_controller__rosidl_typesupport_c
[35m[1mScanning dependencies of target motor_controller__rosidl_typesupport_cpp[0m
[ 59%] [32mBuilding CXX object CMakeFiles/motor_controller__rosidl_typesupport_cpp.dir/rosidl_typesupport_cpp/motor_controller/msg/arcade_speed__type_support.cpp.o[0m
[ 61%] [32mBuilding CXX object CMakeFiles/motor_controller__rosidl_typesupport_cpp.dir/rosidl_typesupport_cpp/motor_controller/msg/motor_speeds__type_support.cpp.o[0m
[ 62%] [32mBuilding CXX object CMakeFiles/motor_controller__rosidl_typesupport_cpp.dir/rosidl_typesupport_cpp/motor_controller/msg/transition__type_support.cpp.o[0m
[ 64%] [32mBuilding CXX object CMakeFiles/motor_controller__rosidl_typesupport_cpp.dir/rosidl_typesupport_cpp/motor_controller/srv/change_state__type_support.cpp.o[0m
[ 66%] [32mBuilding CXX object CMakeFiles/motor_controller__rosidl_typesupport_cpp.dir/rosidl_typesupport_cpp/motor_controller/srv/get_state__type_support.cpp.o[0m
[ 67%] [32mBuilding CXX object CMakeFiles/motor_controller__rosidl_typesupport_cpp.dir/rosidl_typesupport_cpp/motor_controller/msg/state__type_support.cpp.o[0m
[ 69%] [32m[1mLinking CXX shared library libmotor_controller__rosidl_typesupport_cpp.so[0m
[ 69%] Built target motor_controller__rosidl_typesupport_cpp
[35m[1mScanning dependencies of target motor_controller[0m
[ 69%] Built target motor_controller
[35m[1mScanning dependencies of target state_manager[0m
[35m[1mScanning dependencies of target motor_speed_controller[0m
[35m[1mScanning dependencies of target motor_controller__py[0m
[35m[1mScanning dependencies of target arcade_driver[0m
[ 71%] [34m[1mGenerating Python code for ROS interfaces[0m
[ 72%] [32mBuilding CXX object CMakeFiles/motor_speed_controller.dir/src/MotorSpeedController.cpp.o[0m
[ 74%] [32mBuilding CXX object CMakeFiles/state_manager.dir/src/StateManager.cpp.o[0m
[ 76%] [32mBuilding CXX object CMakeFiles/arcade_driver.dir/src/ArcadeDriver.cpp.o[0m
[ 76%] Built target motor_controller__py
[35m[1mScanning dependencies of target motor_controller__python[0m
[ 77%] [32mBuilding C object CMakeFiles/motor_controller__python.dir/rosidl_generator_py/motor_controller/msg/_arcade_speed_s.c.o[0m
[ 79%] [32mBuilding C object CMakeFiles/motor_controller__python.dir/rosidl_generator_py/motor_controller/msg/_motor_speeds_s.c.o[0m
[ 81%] [32mBuilding C object CMakeFiles/motor_controller__python.dir/rosidl_generator_py/motor_controller/msg/_transition_s.c.o[0m
[ 83%] [32mBuilding C object CMakeFiles/motor_controller__python.dir/rosidl_generator_py/motor_controller/srv/_change_state_s.c.o[0m
[ 84%] [32mBuilding C object CMakeFiles/motor_controller__python.dir/rosidl_generator_py/motor_controller/srv/_get_state_s.c.o[0m
[ 86%] [32mBuilding C object CMakeFiles/motor_controller__python.dir/rosidl_generator_py/motor_controller/msg/_state_s.c.o[0m
[ 88%] [32m[1mLinking C shared library rosidl_generator_py/motor_controller/libmotor_controller__python.so[0m
[ 88%] Built target motor_controller__python
[35m[1mScanning dependencies of target motor_controller__rosidl_typesupport_introspection_c__pyext[0m
[ 89%] [32mBuilding C object CMakeFiles/motor_controller__rosidl_typesupport_introspection_c__pyext.dir/rosidl_generator_py/motor_controller/_motor_controller_s.ep.rosidl_typesupport_introspection_c.c.o[0m
[ 91%] [32m[1mLinking C shared library rosidl_generator_py/motor_controller/motor_controller_s__rosidl_typesupport_introspection_c.cpython-38-x86_64-linux-gnu.so[0m
[ 91%] Built target motor_controller__rosidl_typesupport_introspection_c__pyext
[35m[1mScanning dependencies of target motor_controller__rosidl_typesupport_c__pyext[0m
[ 93%] [32mBuilding C object CMakeFiles/motor_controller__rosidl_typesupport_c__pyext.dir/rosidl_generator_py/motor_controller/_motor_controller_s.ep.rosidl_typesupport_c.c.o[0m
[ 94%] [32m[1mLinking C shared library rosidl_generator_py/motor_controller/motor_controller_s__rosidl_typesupport_c.cpython-38-x86_64-linux-gnu.so[0m
[ 94%] Built target motor_controller__rosidl_typesupport_c__pyext
[ 96%] [32m[1mLinking CXX shared library libarcade_driver.so[0m
[ 96%] Built target arcade_driver
[ 98%] [32m[1mLinking CXX shared library libmotor_speed_controller.so[0m
[ 98%] Built target motor_speed_controller
[100%] [32m[1mLinking CXX executable state_manager[0m
[100%] Built target state_manager
-- Install configuration: ""
-- Installing: /home/bzvm/Drivetrain/install/motor_controller/share/ament_index/resource_index/rosidl_interfaces/motor_controller
-- Installing: /home/bzvm/Drivetrain/install/motor_controller/include/motor_controller
-- Installing: /home/bzvm/Drivetrain/install/motor_controller/include/motor_controller/msg
-- Installing: /home/bzvm/Drivetrain/install/motor_controller/include/motor_controller/msg/detail
-- Installing: /home/bzvm/Drivetrain/install/motor_controller/include/motor_controller/msg/detail/state__functions.h
-- Installing: /home/bzvm/Drivetrain/install/motor_controller/include/motor_controller/msg/detail/motor_speeds__functions.c
-- Installing: /home/bzvm/Drivetrain/install/motor_controller/include/motor_controller/msg/detail/arcade_speed__functions.c
-- Installing: /home/bzvm/Drivetrain/install/motor_controller/include/motor_controller/msg/detail/arcade_speed__type_support.h
-- Installing: /home/bzvm/Drivetrain/install/motor_controller/include/motor_controller/msg/detail/state__type_support.h
-- Installing: /home/bzvm/Drivetrain/install/motor_controller/include/motor_controller/msg/detail/arcade_speed__functions.h
-- Installing: /home/bzvm/Drivetrain/install/motor_controller/include/motor_controller/msg/detail/state__struct.h
-- Installing: /home/bzvm/Drivetrain/install/motor_controller/include/motor_controller/msg/detail/motor_speeds__struct.h
-- Installing: /home/bzvm/Drivetrain/install/motor_controller/include/motor_controller/msg/detail/transition__functions.h
-- Installing: /home/bzvm/Drivetrain/install/motor_controller/include/motor_controller/msg/detail/arcade_speed__struct.h
-- Installing: /home/bzvm/Drivetrain/install/motor_controller/include/motor_controller/msg/detail/motor_speeds__type_support.h
-- Installing: /home/bzvm/Drivetrain/install/motor_controller/include/motor_controller/msg/detail/transition__struct.h
-- Installing: /home/bzvm/Drivetrain/install/motor_controller/include/motor_controller/msg/detail/transition__functions.c
-- Installing: /home/bzvm/Drivetrain/install/motor_controller/include/motor_controller/msg/detail/transition__type_support.h
-- Installing: /home/bzvm/Drivetrain/install/motor_controller/include/motor_controller/msg/detail/motor_speeds__functions.h
-- Installing: /home/bzvm/Drivetrain/install/motor_controller/include/motor_controller/msg/detail/state__functions.c
-- Installing: /home/bzvm/Drivetrain/install/motor_controller/include/motor_controller/msg/state.h
-- Installing: /home/bzvm/Drivetrain/install/motor_controller/include/motor_controller/msg/transition.h
-- Installing: /home/bzvm/Drivetrain/install/motor_controller/include/motor_controller/msg/rosidl_generator_c__visibility_control.h
-- Installing: /home/bzvm/Drivetrain/install/motor_controller/include/motor_controller/msg/motor_speeds.h
-- Installing: /home/bzvm/Drivetrain/install/motor_controller/include/motor_controller/msg/arcade_speed.h
-- Installing: /home/bzvm/Drivetrain/install/motor_controller/include/motor_controller/srv
-- Installing: /home/bzvm/Drivetrain/install/motor_controller/include/motor_controller/srv/detail
-- Installing: /home/bzvm/Drivetrain/install/motor_controller/include/motor_controller/srv/detail/get_state__struct.h
-- Installing: /home/bzvm/Drivetrain/install/motor_controller/include/motor_controller/srv/detail/get_state__functions.c
-- Installing: /home/bzvm/Drivetrain/install/motor_controller/include/motor_controller/srv/detail/change_state__functions.c
-- Installing: /home/bzvm/Drivetrain/install/motor_controller/include/motor_controller/srv/detail/change_state__functions.h
-- Installing: /home/bzvm/Drivetrain/install/motor_controller/include/motor_controller/srv/detail/change_state__struct.h
-- Installing: /home/bzvm/Drivetrain/install/motor_controller/include/motor_controller/srv/detail/get_state__functions.h
-- Installing: /home/bzvm/Drivetrain/install/motor_controller/include/motor_controller/srv/detail/get_state__type_support.h
-- Installing: /home/bzvm/Drivetrain/install/motor_controller/include/motor_controller/srv/detail/change_state__type_support.h
-- Installing: /home/bzvm/Drivetrain/install/motor_controller/include/motor_controller/srv/change_state.h
-- Installing: /home/bzvm/Drivetrain/install/motor_controller/include/motor_controller/srv/get_state.h
-- Installing: /home/bzvm/Drivetrain/install/motor_controller/share/motor_controller/environment/library_path.sh
-- Installing: /home/bzvm/Drivetrain/install/motor_controller/share/motor_controller/environment/library_path.dsv
-- Installing: /home/bzvm/Drivetrain/install/motor_controller/lib/libmotor_controller__rosidl_generator_c.so
-- Set runtime path of "/home/bzvm/Drivetrain/install/motor_controller/lib/libmotor_controller__rosidl_generator_c.so" to ""
-- Up-to-date: /home/bzvm/Drivetrain/install/motor_controller/include/motor_controller
-- Up-to-date: /home/bzvm/Drivetrain/install/motor_controller/include/motor_controller/msg
-- Installing: /home/bzvm/Drivetrain/install/motor_controller/include/motor_controller/msg/rosidl_typesupport_introspection_c__visibility_control.h
-- Up-to-date: /home/bzvm/Drivetrain/install/motor_controller/include/motor_controller/msg/detail
-- Installing: /home/bzvm/Drivetrain/install/motor_controller/include/motor_controller/msg/detail/arcade_speed__rosidl_typesupport_introspection_c.h
-- Installing: /home/bzvm/Drivetrain/install/motor_controller/include/motor_controller/msg/detail/motor_speeds__rosidl_typesupport_introspection_c.h
-- Installing: /home/bzvm/Drivetrain/install/motor_controller/include/motor_controller/msg/detail/transition__type_support.c
-- Installing: /home/bzvm/Drivetrain/install/motor_controller/include/motor_controller/msg/detail/motor_speeds__type_support.c
-- Installing: /home/bzvm/Drivetrain/install/motor_controller/include/motor_controller/msg/detail/arcade_speed__type_support.c
-- Installing: /home/bzvm/Drivetrain/install/motor_controller/include/motor_controller/msg/detail/state__type_support.c
-- Installing: /home/bzvm/Drivetrain/install/motor_controller/include/motor_controller/msg/detail/state__rosidl_typesupport_introspection_c.h
-- Installing: /home/bzvm/Drivetrain/install/motor_controller/include/motor_controller/msg/detail/transition__rosidl_typesupport_introspection_c.h
-- Up-to-date: /home/bzvm/Drivetrain/install/motor_controller/include/motor_controller/srv
-- Up-to-date: /home/bzvm/Drivetrain/install/motor_controller/include/motor_controller/srv/detail
-- Installing: /home/bzvm/Drivetrain/install/motor_controller/include/motor_controller/srv/detail/get_state__type_support.c
-- Installing: /home/bzvm/Drivetrain/install/motor_controller/include/motor_controller/srv/detail/change_state__rosidl_typesupport_introspection_c.h
-- Installing: /home/bzvm/Drivetrain/install/motor_controller/include/motor_controller/srv/detail/change_state__type_support.c
-- Installing: /home/bzvm/Drivetrain/install/motor_controller/include/motor_controller/srv/detail/get_state__rosidl_typesupport_introspection_c.h
-- Installing: /home/bzvm/Drivetrain/install/motor_controller/lib/libmotor_controller__rosidl_typesupport_introspection_c.so
-- Set runtime path of "/home/bzvm/Drivetrain/install/motor_controller/lib/libmotor_controller__rosidl_typesupport_introspection_c.so" to ""
-- Installing: /home/bzvm/Drivetrain/install/motor_controller/lib/libmotor_controller__rosidl_typesupport_c.so
-- Set runtime path of "/home/bzvm/Drivetrain/install/motor_controller/lib/libmotor_controller__rosidl_typesupport_c.so" to ""
-- Up-to-date: /home/bzvm/Drivetrain/install/motor_controller/include/motor_controller
-- Up-to-date: /home/bzvm/Drivetrain/install/motor_controller/include/motor_controller/msg
-- Up-to-date: /home/bzvm/Drivetrain/install/motor_controller/include/motor_controller/msg/detail
-- Installing: /home/bzvm/Drivetrain/install/motor_controller/include/motor_controller/msg/detail/motor_speeds__builder.hpp
-- Installing: /home/bzvm/Drivetrain/install/motor_controller/include/motor_controller/msg/detail/motor_speeds__struct.hpp
-- Installing: /home/bzvm/Drivetrain/install/motor_controller/include/motor_controller/msg/detail/state__builder.hpp
-- Installing: /home/bzvm/Drivetrain/install/motor_controller/include/motor_controller/msg/detail/transition__traits.hpp
-- Installing: /home/bzvm/Drivetrain/install/motor_controller/include/motor_controller/msg/detail/arcade_speed__builder.hpp
-- Installing: /home/bzvm/Drivetrain/install/motor_controller/include/motor_controller/msg/detail/transition__builder.hpp
-- Installing: /home/bzvm/Drivetrain/install/motor_controller/include/motor_controller/msg/detail/state__struct.hpp
-- Installing: /home/bzvm/Drivetrain/install/motor_controller/include/motor_controller/msg/detail/arcade_speed__struct.hpp
-- Installing: /home/bzvm/Drivetrain/install/motor_controller/include/motor_controller/msg/detail/motor_speeds__traits.hpp
-- Installing: /home/bzvm/Drivetrain/install/motor_controller/include/motor_controller/msg/detail/transition__struct.hpp
-- Installing: /home/bzvm/Drivetrain/install/motor_controller/include/motor_controller/msg/detail/arcade_speed__traits.hpp
-- Installing: /home/bzvm/Drivetrain/install/motor_controller/include/motor_controller/msg/detail/state__traits.hpp
-- Installing: /home/bzvm/Drivetrain/install/motor_controller/include/motor_controller/msg/motor_speeds.hpp
-- Installing: /home/bzvm/Drivetrain/install/motor_controller/include/motor_controller/msg/state.hpp
-- Installing: /home/bzvm/Drivetrain/install/motor_controller/include/motor_controller/msg/arcade_speed.hpp
-- Installing: /home/bzvm/Drivetrain/install/motor_controller/include/motor_controller/msg/transition.hpp
-- Up-to-date: /home/bzvm/Drivetrain/install/motor_controller/include/motor_controller/srv
-- Installing: /home/bzvm/Drivetrain/install/motor_controller/include/motor_controller/srv/change_state.hpp
-- Up-to-date: /home/bzvm/Drivetrain/install/motor_controller/include/motor_controller/srv/detail
-- Installing: /home/bzvm/Drivetrain/install/motor_controller/include/motor_controller/srv/detail/get_state__struct.hpp
-- Installing: /home/bzvm/Drivetrain/install/motor_controller/include/motor_controller/srv/detail/change_state__struct.hpp
-- Installing: /home/bzvm/Drivetrain/install/motor_controller/include/motor_controller/srv/detail/change_state__traits.hpp
-- Installing: /home/bzvm/Drivetrain/install/motor_controller/include/motor_controller/srv/detail/change_state__builder.hpp
-- Installing: /home/bzvm/Drivetrain/install/motor_controller/include/motor_controller/srv/detail/get_state__builder.hpp
-- Installing: /home/bzvm/Drivetrain/install/motor_controller/include/motor_controller/srv/detail/get_state__traits.hpp
-- Installing: /home/bzvm/Drivetrain/install/motor_controller/include/motor_controller/srv/get_state.hpp
-- Up-to-date: /home/bzvm/Drivetrain/install/motor_controller/include/motor_controller
-- Up-to-date: /home/bzvm/Drivetrain/install/motor_controller/include/motor_controller/msg
-- Up-to-date: /home/bzvm/Drivetrain/install/motor_controller/include/motor_controller/msg/detail
-- Installing: /home/bzvm/Drivetrain/install/motor_controller/include/motor_controller/msg/detail/state__rosidl_typesupport_introspection_cpp.hpp
-- Installing: /home/bzvm/Drivetrain/install/motor_controller/include/motor_controller/msg/detail/motor_speeds__type_support.cpp
-- Installing: /home/bzvm/Drivetrain/install/motor_controller/include/motor_controller/msg/detail/transition__type_support.cpp
-- Installing: /home/bzvm/Drivetrain/install/motor_controller/include/motor_controller/msg/detail/motor_speeds__rosidl_typesupport_introspection_cpp.hpp
-- Installing: /home/bzvm/Drivetrain/install/motor_controller/include/motor_controller/msg/detail/transition__rosidl_typesupport_introspection_cpp.hpp
-- Installing: /home/bzvm/Drivetrain/install/motor_controller/include/motor_controller/msg/detail/arcade_speed__type_support.cpp
-- Installing: /home/bzvm/Drivetrain/install/motor_controller/include/motor_controller/msg/detail/state__type_support.cpp
-- Installing: /home/bzvm/Drivetrain/install/motor_controller/include/motor_controller/msg/detail/arcade_speed__rosidl_typesupport_introspection_cpp.hpp
-- Up-to-date: /home/bzvm/Drivetrain/install/motor_controller/include/motor_controller/srv
-- Up-to-date: /home/bzvm/Drivetrain/install/motor_controller/include/motor_controller/srv/detail
-- Installing: /home/bzvm/Drivetrain/install/motor_controller/include/motor_controller/srv/detail/change_state__type_support.cpp
-- Installing: /home/bzvm/Drivetrain/install/motor_controller/include/motor_controller/srv/detail/get_state__type_support.cpp
-- Installing: /home/bzvm/Drivetrain/install/motor_controller/include/motor_controller/srv/detail/change_state__rosidl_typesupport_introspection_cpp.hpp
-- Installing: /home/bzvm/Drivetrain/install/motor_controller/include/motor_controller/srv/detail/get_state__rosidl_typesupport_introspection_cpp.hpp
-- Installing: /home/bzvm/Drivetrain/install/motor_controller/lib/libmotor_controller__rosidl_typesupport_introspection_cpp.so
-- Set runtime path of "/home/bzvm/Drivetrain/install/motor_controller/lib/libmotor_controller__rosidl_typesupport_introspection_cpp.so" to ""
-- Installing: /home/bzvm/Drivetrain/install/motor_controller/lib/libmotor_controller__rosidl_typesupport_cpp.so
-- Set runtime path of "/home/bzvm/Drivetrain/install/motor_controller/lib/libmotor_controller__rosidl_typesupport_cpp.so" to ""
-- Installing: /home/bzvm/Drivetrain/install/motor_controller/share/motor_controller/environment/pythonpath.sh
-- Installing: /home/bzvm/Drivetrain/install/motor_controller/share/motor_controller/environment/pythonpath.dsv
-- Installing: /home/bzvm/Drivetrain/install/motor_controller/lib/python3.8/site-packages/motor_controller/__init__.py
Compiling '/home/bzvm/Drivetrain/install/motor_controller/lib/python3.8/site-packages/motor_controller/__init__.py'...
-- Installing: /home/bzvm/Drivetrain/install/motor_controller/lib/python3.8/site-packages/motor_controller/msg
-- Installing: /home/bzvm/Drivetrain/install/motor_controller/lib/python3.8/site-packages/motor_controller/msg/_state.py
-- Installing: /home/bzvm/Drivetrain/install/motor_controller/lib/python3.8/site-packages/motor_controller/msg/_state_s.c
-- Installing: /home/bzvm/Drivetrain/install/motor_controller/lib/python3.8/site-packages/motor_controller/msg/_transition_s.c
-- Installing: /home/bzvm/Drivetrain/install/motor_controller/lib/python3.8/site-packages/motor_controller/msg/__init__.py
-- Installing: /home/bzvm/Drivetrain/install/motor_controller/lib/python3.8/site-packages/motor_controller/msg/_arcade_speed.py
-- Installing: /home/bzvm/Drivetrain/install/motor_controller/lib/python3.8/site-packages/motor_controller/msg/_motor_speeds.py
-- Installing: /home/bzvm/Drivetrain/install/motor_controller/lib/python3.8/site-packages/motor_controller/msg/_arcade_speed_s.c
-- Installing: /home/bzvm/Drivetrain/install/motor_controller/lib/python3.8/site-packages/motor_controller/msg/_transition.py
-- Installing: /home/bzvm/Drivetrain/install/motor_controller/lib/python3.8/site-packages/motor_controller/msg/_motor_speeds_s.c
-- Installing: /home/bzvm/Drivetrain/install/motor_controller/lib/python3.8/site-packages/motor_controller/srv
-- Installing: /home/bzvm/Drivetrain/install/motor_controller/lib/python3.8/site-packages/motor_controller/srv/__init__.py
-- Installing: /home/bzvm/Drivetrain/install/motor_controller/lib/python3.8/site-packages/motor_controller/srv/_change_state.py
-- Installing: /home/bzvm/Drivetrain/install/motor_controller/lib/python3.8/site-packages/motor_controller/srv/_change_state_s.c
-- Installing: /home/bzvm/Drivetrain/install/motor_controller/lib/python3.8/site-packages/motor_controller/srv/_get_state_s.c
-- Installing: /home/bzvm/Drivetrain/install/motor_controller/lib/python3.8/site-packages/motor_controller/srv/_get_state.py
-- Installing: /home/bzvm/Drivetrain/install/motor_controller/lib/python3.8/site-packages/motor_controller/motor_controller_s__rosidl_typesupport_introspection_c.cpython-38-x86_64-linux-gnu.so
-- Set runtime path of "/home/bzvm/Drivetrain/install/motor_controller/lib/python3.8/site-packages/motor_controller/motor_controller_s__rosidl_typesupport_introspection_c.cpython-38-x86_64-linux-gnu.so" to ""
-- Installing: /home/bzvm/Drivetrain/install/motor_controller/lib/python3.8/site-packages/motor_controller/motor_controller_s__rosidl_typesupport_c.cpython-38-x86_64-linux-gnu.so
-- Set runtime path of "/home/bzvm/Drivetrain/install/motor_controller/lib/python3.8/site-packages/motor_controller/motor_controller_s__rosidl_typesupport_c.cpython-38-x86_64-linux-gnu.so" to ""
-- Installing: /home/bzvm/Drivetrain/install/motor_controller/lib/libmotor_controller__python.so
-- Set runtime path of "/home/bzvm/Drivetrain/install/motor_controller/lib/libmotor_controller__python.so" to ""
-- Installing: /home/bzvm/Drivetrain/install/motor_controller/share/motor_controller/msg/ArcadeSpeed.idl
-- Installing: /home/bzvm/Drivetrain/install/motor_controller/share/motor_controller/msg/MotorSpeeds.idl
-- Installing: /home/bzvm/Drivetrain/install/motor_controller/share/motor_controller/msg/Transition.idl
-- Installing: /home/bzvm/Drivetrain/install/motor_controller/share/motor_controller/srv/ChangeState.idl
-- Installing: /home/bzvm/Drivetrain/install/motor_controller/share/motor_controller/srv/GetState.idl
-- Installing: /home/bzvm/Drivetrain/install/motor_controller/share/motor_controller/msg/State.idl
-- Installing: /home/bzvm/Drivetrain/install/motor_controller/share/motor_controller/msg/ArcadeSpeed.msg
-- Installing: /home/bzvm/Drivetrain/install/motor_controller/share/motor_controller/msg/MotorSpeeds.msg
-- Installing: /home/bzvm/Drivetrain/install/motor_controller/share/motor_controller/msg/Transition.msg
-- Installing: /home/bzvm/Drivetrain/install/motor_controller/share/motor_controller/srv/ChangeState.srv
-- Installing: /home/bzvm/Drivetrain/install/motor_controller/share/motor_controller/srv/ChangeState_Request.msg
-- Installing: /home/bzvm/Drivetrain/install/motor_controller/share/motor_controller/srv/ChangeState_Response.msg
-- Installing: /home/bzvm/Drivetrain/install/motor_controller/share/motor_controller/srv/GetState.srv
-- Installing: /home/bzvm/Drivetrain/install/motor_controller/share/motor_controller/srv/GetState_Request.msg
-- Installing: /home/bzvm/Drivetrain/install/motor_controller/share/motor_controller/srv/GetState_Response.msg
-- Installing: /home/bzvm/Drivetrain/install/motor_controller/share/motor_controller/msg/State.msg
-- Installing: /home/bzvm/Drivetrain/install/motor_controller/lib/libarcade_driver.so
-- Set runtime path of "/home/bzvm/Drivetrain/install/motor_controller/lib/libarcade_driver.so" to ""
-- Installing: /home/bzvm/Drivetrain/install/motor_controller/lib/libmotor_speed_controller.so
-- Set runtime path of "/home/bzvm/Drivetrain/install/motor_controller/lib/libmotor_speed_controller.so" to ""
-- Installing: /home/bzvm/Drivetrain/install/motor_controller/lib/motor_controller/state_manager
-- Set runtime path of "/home/bzvm/Drivetrain/install/motor_controller/lib/motor_controller/state_manager" to ""
-- Installing: /home/bzvm/Drivetrain/install/motor_controller/share/ament_index/resource_index/package_run_dependencies/motor_controller
-- Installing: /home/bzvm/Drivetrain/install/motor_controller/share/ament_index/resource_index/parent_prefix_path/motor_controller
-- Installing: /home/bzvm/Drivetrain/install/motor_controller/share/motor_controller/environment/ament_prefix_path.sh
-- Installing: /home/bzvm/Drivetrain/install/motor_controller/share/motor_controller/environment/ament_prefix_path.dsv
-- Installing: /home/bzvm/Drivetrain/install/motor_controller/share/motor_controller/environment/path.sh
-- Installing: /home/bzvm/Drivetrain/install/motor_controller/share/motor_controller/environment/path.dsv
-- Installing: /home/bzvm/Drivetrain/install/motor_controller/share/motor_controller/local_setup.bash
-- Installing: /home/bzvm/Drivetrain/install/motor_controller/share/motor_controller/local_setup.sh
-- Installing: /home/bzvm/Drivetrain/install/motor_controller/share/motor_controller/local_setup.zsh
-- Installing: /home/bzvm/Drivetrain/install/motor_controller/share/motor_controller/local_setup.dsv
-- Installing: /home/bzvm/Drivetrain/install/motor_controller/share/motor_controller/package.dsv
-- Installing: /home/bzvm/Drivetrain/install/motor_controller/share/ament_index/resource_index/packages/motor_controller
-- Installing: /home/bzvm/Drivetrain/install/motor_controller/share/motor_controller/cmake/motor_controller__rosidl_generator_cExport.cmake
-- Installing: /home/bzvm/Drivetrain/install/motor_controller/share/motor_controller/cmake/motor_controller__rosidl_generator_cExport-noconfig.cmake
-- Installing: /home/bzvm/Drivetrain/install/motor_controller/share/motor_controller/cmake/motor_controller__rosidl_typesupport_introspection_cExport.cmake
-- Installing: /home/bzvm/Drivetrain/install/motor_controller/share/motor_controller/cmake/motor_controller__rosidl_typesupport_introspection_cExport-noconfig.cmake
-- Installing: /home/bzvm/Drivetrain/install/motor_controller/share/motor_controller/cmake/motor_controller__rosidl_typesupport_cExport.cmake
-- Installing: /home/bzvm/Drivetrain/install/motor_controller/share/motor_controller/cmake/motor_controller__rosidl_typesupport_cExport-noconfig.cmake
-- Installing: /home/bzvm/Drivetrain/install/motor_controller/share/motor_controller/cmake/motor_controller__rosidl_generator_cppExport.cmake
-- Installing: /home/bzvm/Drivetrain/install/motor_controller/share/motor_controller/cmake/motor_controller__rosidl_typesupport_introspection_cppExport.cmake
-- Installing: /home/bzvm/Drivetrain/install/motor_controller/share/motor_controller/cmake/motor_controller__rosidl_typesupport_introspection_cppExport-noconfig.cmake
-- Installing: /home/bzvm/Drivetrain/install/motor_controller/share/motor_controller/cmake/motor_controller__rosidl_typesupport_cppExport.cmake
-- Installing: /home/bzvm/Drivetrain/install/motor_controller/share/motor_controller/cmake/motor_controller__rosidl_typesupport_cppExport-noconfig.cmake
-- Installing: /home/bzvm/Drivetrain/install/motor_controller/share/ament_index/resource_index/rclcpp_components/motor_controller
-- Installing: /home/bzvm/Drivetrain/install/motor_controller/share/motor_controller/cmake/rosidl_cmake-extras.cmake
-- Installing: /home/bzvm/Drivetrain/install/motor_controller/share/motor_controller/cmake/ament_cmake_export_dependencies-extras.cmake
-- Installing: /home/bzvm/Drivetrain/install/motor_controller/share/motor_controller/cmake/ament_cmake_export_libraries-extras.cmake
-- Installing: /home/bzvm/Drivetrain/install/motor_controller/share/motor_controller/cmake/ament_cmake_export_targets-extras.cmake
-- Installing: /home/bzvm/Drivetrain/install/motor_controller/share/motor_controller/cmake/ament_cmake_export_include_directories-extras.cmake
-- Installing: /home/bzvm/Drivetrain/install/motor_controller/share/motor_controller/cmake/rosidl_cmake_export_typesupport_targets-extras.cmake
-- Installing: /home/bzvm/Drivetrain/install/motor_controller/share/motor_controller/cmake/motor_controllerConfig.cmake
-- Installing: /home/bzvm/Drivetrain/install/motor_controller/share/motor_controller/cmake/motor_controllerConfig-version.cmake
-- Installing: /home/bzvm/Drivetrain/install/motor_controller/share/motor_controller/package.xml
