[0.011s] Invoking command in '/home/bzvm/Drivetrain/build/motor_controller': CMAKE_PREFIX_PATH=/opt/ros/galactic /usr/bin/cmake /home/bzvm/Drivetrain/Motor-Controller -DCMAKE_INSTALL_PREFIX=/home/bzvm/Drivetrain/install/motor_controller
[0.092s] -- The C compiler identification is GNU 9.4.0
[0.145s] -- The CXX compiler identification is GNU 9.4.0
[0.150s] -- Check for working C compiler: /usr/bin/cc
[0.209s] -- Check for working C compiler: /usr/bin/cc -- works
[0.211s] -- Detecting C compiler ABI info
[0.273s] -- Detecting C compiler ABI info - done
[0.284s] -- Detecting C compile features
[0.284s] -- Detecting C compile features - done
[0.287s] -- Check for working CXX compiler: /usr/bin/c++
[0.354s] -- Check for working CXX compiler: /usr/bin/c++ -- works
[0.354s] -- Detecting CXX compiler ABI info
[0.420s] -- Detecting CXX compiler ABI info - done
[0.430s] -- Detecting CXX compile features
[0.430s] -- Detecting CXX compile features - done
[0.435s] -- Found ament_cmake: 1.1.6 (/opt/ros/galactic/share/ament_cmake/cmake)
[0.452s] -- Found PythonInterp: /usr/bin/python3 (found suitable version "3.8.10", minimum required is "3") 
[0.452s] -- Using PYTHON_EXECUTABLE: /usr/bin/python3
[0.512s] -- Found rclcpp: 9.2.2 (/opt/ros/galactic/share/rclcpp/cmake)
[0.548s] -- Using single rosidl_typesupport_c: rosidl_typesupport_introspection_c
[0.554s] -- Found rosidl_adapter: 2.2.3 (/opt/ros/galactic/share/rosidl_adapter/cmake)
[0.568s] -- Using single rosidl_typesupport_cpp: rosidl_typesupport_introspection_cpp
[0.613s] -- Found rmw_implementation_cmake: 3.3.1 (/opt/ros/galactic/share/rmw_implementation_cmake/cmake)
[0.616s] -- Found rmw_cyclonedds_cpp: 0.22.6 (/opt/ros/galactic/share/rmw_cyclonedds_cpp/cmake)
[0.629s] -- Using RMW implementation 'rmw_cyclonedds_cpp' as default
[0.631s] -- Looking for pthread.h
[0.694s] -- Looking for pthread.h - found
[0.694s] -- Performing Test CMAKE_HAVE_LIBC_PTHREAD
[0.755s] -- Performing Test CMAKE_HAVE_LIBC_PTHREAD - Failed
[0.755s] -- Looking for pthread_create in pthreads
[0.809s] -- Looking for pthread_create in pthreads - not found
[0.809s] -- Looking for pthread_create in pthread
[0.871s] -- Looking for pthread_create in pthread - found
[0.871s] -- Found Threads: TRUE  
[0.990s] -- Found rclcpp_components: 9.2.2 (/opt/ros/galactic/share/rclcpp_components/cmake)
[1.032s] -- Found rosidl_default_generators: 1.1.1 (/opt/ros/galactic/share/rosidl_default_generators/cmake)
[1.040s] -- Found geometry_msgs: 2.2.4 (/opt/ros/galactic/share/geometry_msgs/cmake)
[1.066s] -- Found rclcpp_lifecycle: 9.2.2 (/opt/ros/galactic/share/rclcpp_lifecycle/cmake)
[1.089s] -- Found sensor_msgs: 2.2.4 (/opt/ros/galactic/share/sensor_msgs/cmake)
[1.143s] -- Found nlohmann_json: /usr/lib/cmake/nlohmann_json/nlohmann_jsonConfig.cmake (found version "3.7.3") 
[1.161s] -- Found PythonInterp: /usr/bin/python3 (found version "3.8.10") 
[1.348s] -- Using single rosidl_typesupport_c: rosidl_typesupport_introspection_c
[1.426s] -- Using single rosidl_typesupport_cpp: rosidl_typesupport_introspection_cpp
[1.444s] -- Found PythonInterp: /usr/bin/python3 (found suitable version "3.8.10", minimum required is "3.5") 
[1.445s] -- Found python_cmake_module: 0.8.1 (/opt/ros/galactic/share/python_cmake_module/cmake)
[1.476s] -- Found PythonLibs: /usr/lib/x86_64-linux-gnu/libpython3.8.so (found suitable version "3.8.10", minimum required is "3.5") 
[1.476s] -- Using PYTHON_EXECUTABLE: /usr/bin/python3
[1.476s] -- Using PYTHON_INCLUDE_DIRS: /usr/include/python3.8
[1.476s] -- Using PYTHON_LIBRARIES: /usr/lib/x86_64-linux-gnu/libpython3.8.so
[1.493s] -- Found PythonExtra: .so  
[1.557s] -- Configuring done
[1.600s] -- Generating done
[1.602s] -- Build files have been written to: /home/bzvm/Drivetrain/build/motor_controller
[1.609s] Invoked command in '/home/bzvm/Drivetrain/build/motor_controller' returned '0': CMAKE_PREFIX_PATH=/opt/ros/galactic /usr/bin/cmake /home/bzvm/Drivetrain/Motor-Controller -DCMAKE_INSTALL_PREFIX=/home/bzvm/Drivetrain/install/motor_controller
[1.612s] Invoking command in '/home/bzvm/Drivetrain/build/motor_controller': CMAKE_PREFIX_PATH=/opt/ros/galactic /usr/bin/cmake --build /home/bzvm/Drivetrain/build/motor_controller -- -j4 -l4
[1.650s] [35m[1mScanning dependencies of target motor_controller__cpp[0m
[1.651s] [  1%] [34m[1mGenerating C code for ROS interfaces[0m
[1.661s] [  3%] [34m[1mGenerating C++ code for ROS interfaces[0m
[2.208s] [35m[1mScanning dependencies of target motor_controller__rosidl_generator_c[0m
[2.222s] [  3%] Built target motor_controller__cpp
[2.228s] [  5%] [32mBuilding C object CMakeFiles/motor_controller__rosidl_generator_c.dir/rosidl_generator_c/motor_controller/msg/detail/motor_speeds__functions.c.o[0m
[2.228s] [  6%] [32mBuilding C object CMakeFiles/motor_controller__rosidl_generator_c.dir/rosidl_generator_c/motor_controller/msg/detail/arcade_speed__functions.c.o[0m
[2.231s] [  8%] [32mBuilding C object CMakeFiles/motor_controller__rosidl_generator_c.dir/rosidl_generator_c/motor_controller/msg/detail/transition__functions.c.o[0m
[2.234s] [ 10%] [34m[1mGenerating C++ introspection for ROS interfaces[0m
[2.262s] [ 11%] [32mBuilding C object CMakeFiles/motor_controller__rosidl_generator_c.dir/rosidl_generator_c/motor_controller/srv/detail/change_state__functions.c.o[0m
[2.262s] [ 13%] [32mBuilding C object CMakeFiles/motor_controller__rosidl_generator_c.dir/rosidl_generator_c/motor_controller/srv/detail/get_state__functions.c.o[0m
[2.264s] [ 15%] [32mBuilding C object CMakeFiles/motor_controller__rosidl_generator_c.dir/rosidl_generator_c/motor_controller/msg/detail/state__functions.c.o[0m
[2.305s] [ 16%] [32m[1mLinking C shared library libmotor_controller__rosidl_generator_c.so[0m
[2.340s] [ 16%] Built target motor_controller__rosidl_generator_c
[2.351s] [ 18%] [34m[1mGenerating C introspection for ROS interfaces[0m
[2.612s] [35m[1mScanning dependencies of target motor_controller__rosidl_typesupport_introspection_cpp[0m
[2.635s] [ 20%] [32mBuilding CXX object CMakeFiles/motor_controller__rosidl_typesupport_introspection_cpp.dir/rosidl_typesupport_introspection_cpp/motor_controller/msg/detail/arcade_speed__type_support.cpp.o[0m
[2.639s] [ 22%] [32mBuilding CXX object CMakeFiles/motor_controller__rosidl_typesupport_introspection_cpp.dir/rosidl_typesupport_introspection_cpp/motor_controller/msg/detail/motor_speeds__type_support.cpp.o[0m
[2.642s] [ 23%] [32mBuilding CXX object CMakeFiles/motor_controller__rosidl_typesupport_introspection_cpp.dir/rosidl_typesupport_introspection_cpp/motor_controller/msg/detail/transition__type_support.cpp.o[0m
[2.794s] [35m[1mScanning dependencies of target motor_controller__rosidl_typesupport_introspection_c[0m
[2.828s] [ 25%] [32mBuilding C object CMakeFiles/motor_controller__rosidl_typesupport_introspection_c.dir/rosidl_typesupport_introspection_c/motor_controller/msg/detail/arcade_speed__type_support.c.o[0m
[2.853s] [ 27%] [32mBuilding C object CMakeFiles/motor_controller__rosidl_typesupport_introspection_c.dir/rosidl_typesupport_introspection_c/motor_controller/msg/detail/motor_speeds__type_support.c.o[0m
[2.863s] [ 28%] [32mBuilding C object CMakeFiles/motor_controller__rosidl_typesupport_introspection_c.dir/rosidl_typesupport_introspection_c/motor_controller/msg/detail/transition__type_support.c.o[0m
[2.876s] [ 30%] [32mBuilding CXX object CMakeFiles/motor_controller__rosidl_typesupport_introspection_cpp.dir/rosidl_typesupport_introspection_cpp/motor_controller/srv/detail/change_state__type_support.cpp.o[0m
[2.883s] [ 32%] [32mBuilding C object CMakeFiles/motor_controller__rosidl_typesupport_introspection_c.dir/rosidl_typesupport_introspection_c/motor_controller/srv/detail/change_state__type_support.c.o[0m
[2.885s] [ 33%] [32mBuilding CXX object CMakeFiles/motor_controller__rosidl_typesupport_introspection_cpp.dir/rosidl_typesupport_introspection_cpp/motor_controller/srv/detail/get_state__type_support.cpp.o[0m
[2.896s] [ 35%] [32mBuilding C object CMakeFiles/motor_controller__rosidl_typesupport_introspection_c.dir/rosidl_typesupport_introspection_c/motor_controller/srv/detail/get_state__type_support.c.o[0m
[2.916s] [ 37%] [32mBuilding C object CMakeFiles/motor_controller__rosidl_typesupport_introspection_c.dir/rosidl_typesupport_introspection_c/motor_controller/msg/detail/state__type_support.c.o[0m
[2.930s] [ 38%] [32mBuilding CXX object CMakeFiles/motor_controller__rosidl_typesupport_introspection_cpp.dir/rosidl_typesupport_introspection_cpp/motor_controller/msg/detail/state__type_support.cpp.o[0m
[2.943s] [ 40%] [32m[1mLinking C shared library libmotor_controller__rosidl_typesupport_introspection_c.so[0m
[2.979s] [ 40%] Built target motor_controller__rosidl_typesupport_introspection_c
[2.990s] [ 42%] [34m[1mGenerating C type support dispatch for ROS interfaces[0m
[3.130s] [ 44%] [32m[1mLinking CXX shared library libmotor_controller__rosidl_typesupport_introspection_cpp.so[0m
[3.187s] [ 44%] Built target motor_controller__rosidl_typesupport_introspection_cpp
[3.199s] [ 45%] [34m[1mGenerating C++ type support dispatch for ROS interfaces[0m
[3.304s] [35m[1mScanning dependencies of target motor_controller__rosidl_typesupport_c[0m
[3.316s] [ 47%] [32mBuilding CXX object CMakeFiles/motor_controller__rosidl_typesupport_c.dir/rosidl_typesupport_c/motor_controller/msg/arcade_speed__type_support.cpp.o[0m
[3.324s] [ 49%] [32mBuilding CXX object CMakeFiles/motor_controller__rosidl_typesupport_c.dir/rosidl_typesupport_c/motor_controller/msg/motor_speeds__type_support.cpp.o[0m
[3.324s] [ 50%] [32mBuilding CXX object CMakeFiles/motor_controller__rosidl_typesupport_c.dir/rosidl_typesupport_c/motor_controller/msg/transition__type_support.cpp.o[0m
[3.342s] [ 52%] [32mBuilding CXX object CMakeFiles/motor_controller__rosidl_typesupport_c.dir/rosidl_typesupport_c/motor_controller/srv/change_state__type_support.cpp.o[0m
[3.351s] [ 54%] [32mBuilding CXX object CMakeFiles/motor_controller__rosidl_typesupport_c.dir/rosidl_typesupport_c/motor_controller/srv/get_state__type_support.cpp.o[0m
[3.355s] [ 55%] [32mBuilding CXX object CMakeFiles/motor_controller__rosidl_typesupport_c.dir/rosidl_typesupport_c/motor_controller/msg/state__type_support.cpp.o[0m
[3.379s] [ 57%] [32m[1mLinking CXX shared library libmotor_controller__rosidl_typesupport_c.so[0m
[3.414s] [ 57%] Built target motor_controller__rosidl_typesupport_c
[3.523s] [35m[1mScanning dependencies of target motor_controller__rosidl_typesupport_cpp[0m
[3.536s] [ 59%] [32mBuilding CXX object CMakeFiles/motor_controller__rosidl_typesupport_cpp.dir/rosidl_typesupport_cpp/motor_controller/msg/arcade_speed__type_support.cpp.o[0m
[3.537s] [ 61%] [32mBuilding CXX object CMakeFiles/motor_controller__rosidl_typesupport_cpp.dir/rosidl_typesupport_cpp/motor_controller/msg/motor_speeds__type_support.cpp.o[0m
[3.537s] [ 62%] [32mBuilding CXX object CMakeFiles/motor_controller__rosidl_typesupport_cpp.dir/rosidl_typesupport_cpp/motor_controller/msg/transition__type_support.cpp.o[0m
[3.543s] [ 64%] [32mBuilding CXX object CMakeFiles/motor_controller__rosidl_typesupport_cpp.dir/rosidl_typesupport_cpp/motor_controller/srv/change_state__type_support.cpp.o[0m
[3.726s] [ 66%] [32mBuilding CXX object CMakeFiles/motor_controller__rosidl_typesupport_cpp.dir/rosidl_typesupport_cpp/motor_controller/srv/get_state__type_support.cpp.o[0m
[3.728s] [ 67%] [32mBuilding CXX object CMakeFiles/motor_controller__rosidl_typesupport_cpp.dir/rosidl_typesupport_cpp/motor_controller/msg/state__type_support.cpp.o[0m
[3.915s] [ 69%] [32m[1mLinking CXX shared library libmotor_controller__rosidl_typesupport_cpp.so[0m
[3.951s] [ 69%] Built target motor_controller__rosidl_typesupport_cpp
[3.960s] [35m[1mScanning dependencies of target motor_controller[0m
[3.970s] [ 69%] Built target motor_controller
[3.979s] [35m[1mScanning dependencies of target state_manager[0m
[3.979s] [35m[1mScanning dependencies of target motor_speed_controller[0m
[3.979s] [35m[1mScanning dependencies of target motor_controller__py[0m
[3.980s] [35m[1mScanning dependencies of target arcade_driver[0m
[3.988s] [ 71%] [34m[1mGenerating Python code for ROS interfaces[0m
[4.022s] [ 72%] [32mBuilding CXX object CMakeFiles/motor_speed_controller.dir/src/MotorSpeedController.cpp.o[0m
[4.032s] [ 74%] [32mBuilding CXX object CMakeFiles/state_manager.dir/src/StateManager.cpp.o[0m
[4.034s] [ 76%] [32mBuilding CXX object CMakeFiles/arcade_driver.dir/src/ArcadeDriver.cpp.o[0m
[4.881s] [ 76%] Built target motor_controller__py
[4.891s] [35m[1mScanning dependencies of target motor_controller__python[0m
[5.019s] [ 77%] [32mBuilding C object CMakeFiles/motor_controller__python.dir/rosidl_generator_py/motor_controller/msg/_arcade_speed_s.c.o[0m
[5.091s] [ 79%] [32mBuilding C object CMakeFiles/motor_controller__python.dir/rosidl_generator_py/motor_controller/msg/_motor_speeds_s.c.o[0m
[5.173s] [ 81%] [32mBuilding C object CMakeFiles/motor_controller__python.dir/rosidl_generator_py/motor_controller/msg/_transition_s.c.o[0m
[5.240s] [ 83%] [32mBuilding C object CMakeFiles/motor_controller__python.dir/rosidl_generator_py/motor_controller/srv/_change_state_s.c.o[0m
[5.309s] [ 84%] [32mBuilding C object CMakeFiles/motor_controller__python.dir/rosidl_generator_py/motor_controller/srv/_get_state_s.c.o[0m
[5.386s] [ 86%] [32mBuilding C object CMakeFiles/motor_controller__python.dir/rosidl_generator_py/motor_controller/msg/_state_s.c.o[0m
[5.454s] [ 88%] [32m[1mLinking C shared library rosidl_generator_py/motor_controller/libmotor_controller__python.so[0m
[5.841s] [ 88%] Built target motor_controller__python
[5.851s] [35m[1mScanning dependencies of target motor_controller__rosidl_typesupport_introspection_c__pyext[0m
[5.894s] [ 89%] [32mBuilding C object CMakeFiles/motor_controller__rosidl_typesupport_introspection_c__pyext.dir/rosidl_generator_py/motor_controller/_motor_controller_s.ep.rosidl_typesupport_introspection_c.c.o[0m
[5.971s] [ 91%] [32m[1mLinking C shared library rosidl_generator_py/motor_controller/motor_controller_s__rosidl_typesupport_introspection_c.cpython-38-x86_64-linux-gnu.so[0m
[6.009s] [ 91%] Built target motor_controller__rosidl_typesupport_introspection_c__pyext
[6.020s] [35m[1mScanning dependencies of target motor_controller__rosidl_typesupport_c__pyext[0m
[6.058s] [ 93%] [32mBuilding C object CMakeFiles/motor_controller__rosidl_typesupport_c__pyext.dir/rosidl_generator_py/motor_controller/_motor_controller_s.ep.rosidl_typesupport_c.c.o[0m
[6.138s] [ 94%] [32m[1mLinking C shared library rosidl_generator_py/motor_controller/motor_controller_s__rosidl_typesupport_c.cpython-38-x86_64-linux-gnu.so[0m
[6.174s] [ 94%] Built target motor_controller__rosidl_typesupport_c__pyext
[9.912s] [ 96%] [32m[1mLinking CXX shared library libarcade_driver.so[0m
[10.190s] [ 96%] Built target arcade_driver
[11.458s] [ 98%] [32m[1mLinking CXX shared library libmotor_speed_controller.so[0m
[11.743s] [ 98%] Built target motor_speed_controller
[13.492s] [100%] [32m[1mLinking CXX executable state_manager[0m
[13.838s] [100%] Built target state_manager
[13.851s] Invoked command in '/home/bzvm/Drivetrain/build/motor_controller' returned '0': CMAKE_PREFIX_PATH=/opt/ros/galactic /usr/bin/cmake --build /home/bzvm/Drivetrain/build/motor_controller -- -j4 -l4
[14.019s] Invoking command in '/home/bzvm/Drivetrain/build/motor_controller': CMAKE_PREFIX_PATH=/opt/ros/galactic /usr/bin/cmake --install /home/bzvm/Drivetrain/build/motor_controller
[14.025s] -- Install configuration: ""
[14.026s] -- Installing: /home/bzvm/Drivetrain/install/motor_controller/share/ament_index/resource_index/rosidl_interfaces/motor_controller
[14.026s] -- Installing: /home/bzvm/Drivetrain/install/motor_controller/include/motor_controller
[14.026s] -- Installing: /home/bzvm/Drivetrain/install/motor_controller/include/motor_controller/msg
[14.026s] -- Installing: /home/bzvm/Drivetrain/install/motor_controller/include/motor_controller/msg/detail
[14.026s] -- Installing: /home/bzvm/Drivetrain/install/motor_controller/include/motor_controller/msg/detail/state__functions.h
[14.026s] -- Installing: /home/bzvm/Drivetrain/install/motor_controller/include/motor_controller/msg/detail/motor_speeds__functions.c
[14.026s] -- Installing: /home/bzvm/Drivetrain/install/motor_controller/include/motor_controller/msg/detail/arcade_speed__functions.c
[14.026s] -- Installing: /home/bzvm/Drivetrain/install/motor_controller/include/motor_controller/msg/detail/arcade_speed__type_support.h
[14.026s] -- Installing: /home/bzvm/Drivetrain/install/motor_controller/include/motor_controller/msg/detail/state__type_support.h
[14.026s] -- Installing: /home/bzvm/Drivetrain/install/motor_controller/include/motor_controller/msg/detail/arcade_speed__functions.h
[14.027s] -- Installing: /home/bzvm/Drivetrain/install/motor_controller/include/motor_controller/msg/detail/state__struct.h
[14.027s] -- Installing: /home/bzvm/Drivetrain/install/motor_controller/include/motor_controller/msg/detail/motor_speeds__struct.h
[14.027s] -- Installing: /home/bzvm/Drivetrain/install/motor_controller/include/motor_controller/msg/detail/transition__functions.h
[14.028s] -- Installing: /home/bzvm/Drivetrain/install/motor_controller/include/motor_controller/msg/detail/arcade_speed__struct.h
[14.028s] -- Installing: /home/bzvm/Drivetrain/install/motor_controller/include/motor_controller/msg/detail/motor_speeds__type_support.h
[14.028s] -- Installing: /home/bzvm/Drivetrain/install/motor_controller/include/motor_controller/msg/detail/transition__struct.h
[14.028s] -- Installing: /home/bzvm/Drivetrain/install/motor_controller/include/motor_controller/msg/detail/transition__functions.c
[14.028s] -- Installing: /home/bzvm/Drivetrain/install/motor_controller/include/motor_controller/msg/detail/transition__type_support.h
[14.028s] -- Installing: /home/bzvm/Drivetrain/install/motor_controller/include/motor_controller/msg/detail/motor_speeds__functions.h
[14.028s] -- Installing: /home/bzvm/Drivetrain/install/motor_controller/include/motor_controller/msg/detail/state__functions.c
[14.028s] -- Installing: /home/bzvm/Drivetrain/install/motor_controller/include/motor_controller/msg/state.h
[14.028s] -- Installing: /home/bzvm/Drivetrain/install/motor_controller/include/motor_controller/msg/transition.h
[14.028s] -- Installing: /home/bzvm/Drivetrain/install/motor_controller/include/motor_controller/msg/rosidl_generator_c__visibility_control.h
[14.029s] -- Installing: /home/bzvm/Drivetrain/install/motor_controller/include/motor_controller/msg/motor_speeds.h
[14.029s] -- Installing: /home/bzvm/Drivetrain/install/motor_controller/include/motor_controller/msg/arcade_speed.h
[14.029s] -- Installing: /home/bzvm/Drivetrain/install/motor_controller/include/motor_controller/srv
[14.029s] -- Installing: /home/bzvm/Drivetrain/install/motor_controller/include/motor_controller/srv/detail
[14.029s] -- Installing: /home/bzvm/Drivetrain/install/motor_controller/include/motor_controller/srv/detail/get_state__struct.h
[14.029s] -- Installing: /home/bzvm/Drivetrain/install/motor_controller/include/motor_controller/srv/detail/get_state__functions.c
[14.029s] -- Installing: /home/bzvm/Drivetrain/install/motor_controller/include/motor_controller/srv/detail/change_state__functions.c
[14.029s] -- Installing: /home/bzvm/Drivetrain/install/motor_controller/include/motor_controller/srv/detail/change_state__functions.h
[14.029s] -- Installing: /home/bzvm/Drivetrain/install/motor_controller/include/motor_controller/srv/detail/change_state__struct.h
[14.029s] -- Installing: /home/bzvm/Drivetrain/install/motor_controller/include/motor_controller/srv/detail/get_state__functions.h
[14.030s] -- Installing: /home/bzvm/Drivetrain/install/motor_controller/include/motor_controller/srv/detail/get_state__type_support.h
[14.030s] -- Installing: /home/bzvm/Drivetrain/install/motor_controller/include/motor_controller/srv/detail/change_state__type_support.h
[14.030s] -- Installing: /home/bzvm/Drivetrain/install/motor_controller/include/motor_controller/srv/change_state.h
[14.030s] -- Installing: /home/bzvm/Drivetrain/install/motor_controller/include/motor_controller/srv/get_state.h
[14.030s] -- Installing: /home/bzvm/Drivetrain/install/motor_controller/share/motor_controller/environment/library_path.sh
[14.030s] -- Installing: /home/bzvm/Drivetrain/install/motor_controller/share/motor_controller/environment/library_path.dsv
[14.030s] -- Installing: /home/bzvm/Drivetrain/install/motor_controller/lib/libmotor_controller__rosidl_generator_c.so
[14.030s] -- Set runtime path of "/home/bzvm/Drivetrain/install/motor_controller/lib/libmotor_controller__rosidl_generator_c.so" to ""
[14.030s] -- Up-to-date: /home/bzvm/Drivetrain/install/motor_controller/include/motor_controller
[14.030s] -- Up-to-date: /home/bzvm/Drivetrain/install/motor_controller/include/motor_controller/msg
[14.031s] -- Installing: /home/bzvm/Drivetrain/install/motor_controller/include/motor_controller/msg/rosidl_typesupport_introspection_c__visibility_control.h
[14.031s] -- Up-to-date: /home/bzvm/Drivetrain/install/motor_controller/include/motor_controller/msg/detail
[14.031s] -- Installing: /home/bzvm/Drivetrain/install/motor_controller/include/motor_controller/msg/detail/arcade_speed__rosidl_typesupport_introspection_c.h
[14.031s] -- Installing: /home/bzvm/Drivetrain/install/motor_controller/include/motor_controller/msg/detail/motor_speeds__rosidl_typesupport_introspection_c.h
[14.031s] -- Installing: /home/bzvm/Drivetrain/install/motor_controller/include/motor_controller/msg/detail/transition__type_support.c
[14.031s] -- Installing: /home/bzvm/Drivetrain/install/motor_controller/include/motor_controller/msg/detail/motor_speeds__type_support.c
[14.032s] -- Installing: /home/bzvm/Drivetrain/install/motor_controller/include/motor_controller/msg/detail/arcade_speed__type_support.c
[14.032s] -- Installing: /home/bzvm/Drivetrain/install/motor_controller/include/motor_controller/msg/detail/state__type_support.c
[14.032s] -- Installing: /home/bzvm/Drivetrain/install/motor_controller/include/motor_controller/msg/detail/state__rosidl_typesupport_introspection_c.h
[14.032s] -- Installing: /home/bzvm/Drivetrain/install/motor_controller/include/motor_controller/msg/detail/transition__rosidl_typesupport_introspection_c.h
[14.032s] -- Up-to-date: /home/bzvm/Drivetrain/install/motor_controller/include/motor_controller/srv
[14.032s] -- Up-to-date: /home/bzvm/Drivetrain/install/motor_controller/include/motor_controller/srv/detail
[14.032s] -- Installing: /home/bzvm/Drivetrain/install/motor_controller/include/motor_controller/srv/detail/get_state__type_support.c
[14.032s] -- Installing: /home/bzvm/Drivetrain/install/motor_controller/include/motor_controller/srv/detail/change_state__rosidl_typesupport_introspection_c.h
[14.032s] -- Installing: /home/bzvm/Drivetrain/install/motor_controller/include/motor_controller/srv/detail/change_state__type_support.c
[14.032s] -- Installing: /home/bzvm/Drivetrain/install/motor_controller/include/motor_controller/srv/detail/get_state__rosidl_typesupport_introspection_c.h
[14.032s] -- Installing: /home/bzvm/Drivetrain/install/motor_controller/lib/libmotor_controller__rosidl_typesupport_introspection_c.so
[14.033s] -- Set runtime path of "/home/bzvm/Drivetrain/install/motor_controller/lib/libmotor_controller__rosidl_typesupport_introspection_c.so" to ""
[14.033s] -- Installing: /home/bzvm/Drivetrain/install/motor_controller/lib/libmotor_controller__rosidl_typesupport_c.so
[14.033s] -- Set runtime path of "/home/bzvm/Drivetrain/install/motor_controller/lib/libmotor_controller__rosidl_typesupport_c.so" to ""
[14.033s] -- Up-to-date: /home/bzvm/Drivetrain/install/motor_controller/include/motor_controller
[14.034s] -- Up-to-date: /home/bzvm/Drivetrain/install/motor_controller/include/motor_controller/msg
[14.034s] -- Up-to-date: /home/bzvm/Drivetrain/install/motor_controller/include/motor_controller/msg/detail
[14.034s] -- Installing: /home/bzvm/Drivetrain/install/motor_controller/include/motor_controller/msg/detail/motor_speeds__builder.hpp
[14.034s] -- Installing: /home/bzvm/Drivetrain/install/motor_controller/include/motor_controller/msg/detail/motor_speeds__struct.hpp
[14.034s] -- Installing: /home/bzvm/Drivetrain/install/motor_controller/include/motor_controller/msg/detail/state__builder.hpp
[14.034s] -- Installing: /home/bzvm/Drivetrain/install/motor_controller/include/motor_controller/msg/detail/transition__traits.hpp
[14.034s] -- Installing: /home/bzvm/Drivetrain/install/motor_controller/include/motor_controller/msg/detail/arcade_speed__builder.hpp
[14.034s] -- Installing: /home/bzvm/Drivetrain/install/motor_controller/include/motor_controller/msg/detail/transition__builder.hpp
[14.034s] -- Installing: /home/bzvm/Drivetrain/install/motor_controller/include/motor_controller/msg/detail/state__struct.hpp
[14.034s] -- Installing: /home/bzvm/Drivetrain/install/motor_controller/include/motor_controller/msg/detail/arcade_speed__struct.hpp
[14.035s] -- Installing: /home/bzvm/Drivetrain/install/motor_controller/include/motor_controller/msg/detail/motor_speeds__traits.hpp
[14.035s] -- Installing: /home/bzvm/Drivetrain/install/motor_controller/include/motor_controller/msg/detail/transition__struct.hpp
[14.035s] -- Installing: /home/bzvm/Drivetrain/install/motor_controller/include/motor_controller/msg/detail/arcade_speed__traits.hpp
[14.035s] -- Installing: /home/bzvm/Drivetrain/install/motor_controller/include/motor_controller/msg/detail/state__traits.hpp
[14.035s] -- Installing: /home/bzvm/Drivetrain/install/motor_controller/include/motor_controller/msg/motor_speeds.hpp
[14.035s] -- Installing: /home/bzvm/Drivetrain/install/motor_controller/include/motor_controller/msg/state.hpp
[14.035s] -- Installing: /home/bzvm/Drivetrain/install/motor_controller/include/motor_controller/msg/arcade_speed.hpp
[14.035s] -- Installing: /home/bzvm/Drivetrain/install/motor_controller/include/motor_controller/msg/transition.hpp
[14.035s] -- Up-to-date: /home/bzvm/Drivetrain/install/motor_controller/include/motor_controller/srv
[14.036s] -- Installing: /home/bzvm/Drivetrain/install/motor_controller/include/motor_controller/srv/change_state.hpp
[14.036s] -- Up-to-date: /home/bzvm/Drivetrain/install/motor_controller/include/motor_controller/srv/detail
[14.036s] -- Installing: /home/bzvm/Drivetrain/install/motor_controller/include/motor_controller/srv/detail/get_state__struct.hpp
[14.036s] -- Installing: /home/bzvm/Drivetrain/install/motor_controller/include/motor_controller/srv/detail/change_state__struct.hpp
[14.036s] -- Installing: /home/bzvm/Drivetrain/install/motor_controller/include/motor_controller/srv/detail/change_state__traits.hpp
[14.036s] -- Installing: /home/bzvm/Drivetrain/install/motor_controller/include/motor_controller/srv/detail/change_state__builder.hpp
[14.036s] -- Installing: /home/bzvm/Drivetrain/install/motor_controller/include/motor_controller/srv/detail/get_state__builder.hpp
[14.036s] -- Installing: /home/bzvm/Drivetrain/install/motor_controller/include/motor_controller/srv/detail/get_state__traits.hpp
[14.036s] -- Installing: /home/bzvm/Drivetrain/install/motor_controller/include/motor_controller/srv/get_state.hpp
[14.036s] -- Up-to-date: /home/bzvm/Drivetrain/install/motor_controller/include/motor_controller
[14.036s] -- Up-to-date: /home/bzvm/Drivetrain/install/motor_controller/include/motor_controller/msg
[14.036s] -- Up-to-date: /home/bzvm/Drivetrain/install/motor_controller/include/motor_controller/msg/detail
[14.036s] -- Installing: /home/bzvm/Drivetrain/install/motor_controller/include/motor_controller/msg/detail/state__rosidl_typesupport_introspection_cpp.hpp
[14.036s] -- Installing: /home/bzvm/Drivetrain/install/motor_controller/include/motor_controller/msg/detail/motor_speeds__type_support.cpp
[14.036s] -- Installing: /home/bzvm/Drivetrain/install/motor_controller/include/motor_controller/msg/detail/transition__type_support.cpp
[14.036s] -- Installing: /home/bzvm/Drivetrain/install/motor_controller/include/motor_controller/msg/detail/motor_speeds__rosidl_typesupport_introspection_cpp.hpp
[14.036s] -- Installing: /home/bzvm/Drivetrain/install/motor_controller/include/motor_controller/msg/detail/transition__rosidl_typesupport_introspection_cpp.hpp
[14.036s] -- Installing: /home/bzvm/Drivetrain/install/motor_controller/include/motor_controller/msg/detail/arcade_speed__type_support.cpp
[14.036s] -- Installing: /home/bzvm/Drivetrain/install/motor_controller/include/motor_controller/msg/detail/state__type_support.cpp
[14.036s] -- Installing: /home/bzvm/Drivetrain/install/motor_controller/include/motor_controller/msg/detail/arcade_speed__rosidl_typesupport_introspection_cpp.hpp
[14.036s] -- Up-to-date: /home/bzvm/Drivetrain/install/motor_controller/include/motor_controller/srv
[14.036s] -- Up-to-date: /home/bzvm/Drivetrain/install/motor_controller/include/motor_controller/srv/detail
[14.036s] -- Installing: /home/bzvm/Drivetrain/install/motor_controller/include/motor_controller/srv/detail/change_state__type_support.cpp
[14.036s] -- Installing: /home/bzvm/Drivetrain/install/motor_controller/include/motor_controller/srv/detail/get_state__type_support.cpp
[14.036s] -- Installing: /home/bzvm/Drivetrain/install/motor_controller/include/motor_controller/srv/detail/change_state__rosidl_typesupport_introspection_cpp.hpp
[14.037s] -- Installing: /home/bzvm/Drivetrain/install/motor_controller/include/motor_controller/srv/detail/get_state__rosidl_typesupport_introspection_cpp.hpp
[14.037s] -- Installing: /home/bzvm/Drivetrain/install/motor_controller/lib/libmotor_controller__rosidl_typesupport_introspection_cpp.so
[14.037s] -- Set runtime path of "/home/bzvm/Drivetrain/install/motor_controller/lib/libmotor_controller__rosidl_typesupport_introspection_cpp.so" to ""
[14.037s] -- Installing: /home/bzvm/Drivetrain/install/motor_controller/lib/libmotor_controller__rosidl_typesupport_cpp.so
[14.037s] -- Set runtime path of "/home/bzvm/Drivetrain/install/motor_controller/lib/libmotor_controller__rosidl_typesupport_cpp.so" to ""
[14.037s] -- Installing: /home/bzvm/Drivetrain/install/motor_controller/share/motor_controller/environment/pythonpath.sh
[14.037s] -- Installing: /home/bzvm/Drivetrain/install/motor_controller/share/motor_controller/environment/pythonpath.dsv
[14.037s] -- Installing: /home/bzvm/Drivetrain/install/motor_controller/lib/python3.8/site-packages/motor_controller/__init__.py
[14.054s] Compiling '/home/bzvm/Drivetrain/install/motor_controller/lib/python3.8/site-packages/motor_controller/__init__.py'...
[14.057s] -- Installing: /home/bzvm/Drivetrain/install/motor_controller/lib/python3.8/site-packages/motor_controller/msg
[14.057s] -- Installing: /home/bzvm/Drivetrain/install/motor_controller/lib/python3.8/site-packages/motor_controller/msg/_state.py
[14.057s] -- Installing: /home/bzvm/Drivetrain/install/motor_controller/lib/python3.8/site-packages/motor_controller/msg/_state_s.c
[14.057s] -- Installing: /home/bzvm/Drivetrain/install/motor_controller/lib/python3.8/site-packages/motor_controller/msg/_transition_s.c
[14.057s] -- Installing: /home/bzvm/Drivetrain/install/motor_controller/lib/python3.8/site-packages/motor_controller/msg/__init__.py
[14.058s] -- Installing: /home/bzvm/Drivetrain/install/motor_controller/lib/python3.8/site-packages/motor_controller/msg/_arcade_speed.py
[14.058s] -- Installing: /home/bzvm/Drivetrain/install/motor_controller/lib/python3.8/site-packages/motor_controller/msg/_motor_speeds.py
[14.058s] -- Installing: /home/bzvm/Drivetrain/install/motor_controller/lib/python3.8/site-packages/motor_controller/msg/_arcade_speed_s.c
[14.058s] -- Installing: /home/bzvm/Drivetrain/install/motor_controller/lib/python3.8/site-packages/motor_controller/msg/_transition.py
[14.058s] -- Installing: /home/bzvm/Drivetrain/install/motor_controller/lib/python3.8/site-packages/motor_controller/msg/_motor_speeds_s.c
[14.058s] -- Installing: /home/bzvm/Drivetrain/install/motor_controller/lib/python3.8/site-packages/motor_controller/srv
[14.058s] -- Installing: /home/bzvm/Drivetrain/install/motor_controller/lib/python3.8/site-packages/motor_controller/srv/__init__.py
[14.058s] -- Installing: /home/bzvm/Drivetrain/install/motor_controller/lib/python3.8/site-packages/motor_controller/srv/_change_state.py
[14.058s] -- Installing: /home/bzvm/Drivetrain/install/motor_controller/lib/python3.8/site-packages/motor_controller/srv/_change_state_s.c
[14.058s] -- Installing: /home/bzvm/Drivetrain/install/motor_controller/lib/python3.8/site-packages/motor_controller/srv/_get_state_s.c
[14.058s] -- Installing: /home/bzvm/Drivetrain/install/motor_controller/lib/python3.8/site-packages/motor_controller/srv/_get_state.py
[14.058s] -- Installing: /home/bzvm/Drivetrain/install/motor_controller/lib/python3.8/site-packages/motor_controller/motor_controller_s__rosidl_typesupport_introspection_c.cpython-38-x86_64-linux-gnu.so
[14.059s] -- Set runtime path of "/home/bzvm/Drivetrain/install/motor_controller/lib/python3.8/site-packages/motor_controller/motor_controller_s__rosidl_typesupport_introspection_c.cpython-38-x86_64-linux-gnu.so" to ""
[14.059s] -- Installing: /home/bzvm/Drivetrain/install/motor_controller/lib/python3.8/site-packages/motor_controller/motor_controller_s__rosidl_typesupport_c.cpython-38-x86_64-linux-gnu.so
[14.059s] -- Set runtime path of "/home/bzvm/Drivetrain/install/motor_controller/lib/python3.8/site-packages/motor_controller/motor_controller_s__rosidl_typesupport_c.cpython-38-x86_64-linux-gnu.so" to ""
[14.059s] -- Installing: /home/bzvm/Drivetrain/install/motor_controller/lib/libmotor_controller__python.so
[14.059s] -- Set runtime path of "/home/bzvm/Drivetrain/install/motor_controller/lib/libmotor_controller__python.so" to ""
[14.059s] -- Installing: /home/bzvm/Drivetrain/install/motor_controller/share/motor_controller/msg/ArcadeSpeed.idl
[14.060s] -- Installing: /home/bzvm/Drivetrain/install/motor_controller/share/motor_controller/msg/MotorSpeeds.idl
[14.060s] -- Installing: /home/bzvm/Drivetrain/install/motor_controller/share/motor_controller/msg/Transition.idl
[14.060s] -- Installing: /home/bzvm/Drivetrain/install/motor_controller/share/motor_controller/srv/ChangeState.idl
[14.060s] -- Installing: /home/bzvm/Drivetrain/install/motor_controller/share/motor_controller/srv/GetState.idl
[14.060s] -- Installing: /home/bzvm/Drivetrain/install/motor_controller/share/motor_controller/msg/State.idl
[14.060s] -- Installing: /home/bzvm/Drivetrain/install/motor_controller/share/motor_controller/msg/ArcadeSpeed.msg
[14.060s] -- Installing: /home/bzvm/Drivetrain/install/motor_controller/share/motor_controller/msg/MotorSpeeds.msg
[14.060s] -- Installing: /home/bzvm/Drivetrain/install/motor_controller/share/motor_controller/msg/Transition.msg
[14.060s] -- Installing: /home/bzvm/Drivetrain/install/motor_controller/share/motor_controller/srv/ChangeState.srv
[14.061s] -- Installing: /home/bzvm/Drivetrain/install/motor_controller/share/motor_controller/srv/ChangeState_Request.msg
[14.061s] -- Installing: /home/bzvm/Drivetrain/install/motor_controller/share/motor_controller/srv/ChangeState_Response.msg
[14.061s] -- Installing: /home/bzvm/Drivetrain/install/motor_controller/share/motor_controller/srv/GetState.srv
[14.061s] -- Installing: /home/bzvm/Drivetrain/install/motor_controller/share/motor_controller/srv/GetState_Request.msg
[14.061s] -- Installing: /home/bzvm/Drivetrain/install/motor_controller/share/motor_controller/srv/GetState_Response.msg
[14.061s] -- Installing: /home/bzvm/Drivetrain/install/motor_controller/share/motor_controller/msg/State.msg
[14.061s] -- Installing: /home/bzvm/Drivetrain/install/motor_controller/lib/libarcade_driver.so
[14.065s] -- Set runtime path of "/home/bzvm/Drivetrain/install/motor_controller/lib/libarcade_driver.so" to ""
[14.065s] -- Installing: /home/bzvm/Drivetrain/install/motor_controller/lib/libmotor_speed_controller.so
[14.070s] -- Set runtime path of "/home/bzvm/Drivetrain/install/motor_controller/lib/libmotor_speed_controller.so" to ""
[14.070s] -- Installing: /home/bzvm/Drivetrain/install/motor_controller/lib/motor_controller/state_manager
[14.075s] -- Set runtime path of "/home/bzvm/Drivetrain/install/motor_controller/lib/motor_controller/state_manager" to ""
[14.075s] -- Installing: /home/bzvm/Drivetrain/install/motor_controller/share/ament_index/resource_index/package_run_dependencies/motor_controller
[14.075s] -- Installing: /home/bzvm/Drivetrain/install/motor_controller/share/ament_index/resource_index/parent_prefix_path/motor_controller
[14.075s] -- Installing: /home/bzvm/Drivetrain/install/motor_controller/share/motor_controller/environment/ament_prefix_path.sh
[14.075s] -- Installing: /home/bzvm/Drivetrain/install/motor_controller/share/motor_controller/environment/ament_prefix_path.dsv
[14.075s] -- Installing: /home/bzvm/Drivetrain/install/motor_controller/share/motor_controller/environment/path.sh
[14.075s] -- Installing: /home/bzvm/Drivetrain/install/motor_controller/share/motor_controller/environment/path.dsv
[14.076s] -- Installing: /home/bzvm/Drivetrain/install/motor_controller/share/motor_controller/local_setup.bash
[14.076s] -- Installing: /home/bzvm/Drivetrain/install/motor_controller/share/motor_controller/local_setup.sh
[14.076s] -- Installing: /home/bzvm/Drivetrain/install/motor_controller/share/motor_controller/local_setup.zsh
[14.076s] -- Installing: /home/bzvm/Drivetrain/install/motor_controller/share/motor_controller/local_setup.dsv
[14.076s] -- Installing: /home/bzvm/Drivetrain/install/motor_controller/share/motor_controller/package.dsv
[14.076s] -- Installing: /home/bzvm/Drivetrain/install/motor_controller/share/ament_index/resource_index/packages/motor_controller
[14.076s] -- Installing: /home/bzvm/Drivetrain/install/motor_controller/share/motor_controller/cmake/motor_controller__rosidl_generator_cExport.cmake
[14.076s] -- Installing: /home/bzvm/Drivetrain/install/motor_controller/share/motor_controller/cmake/motor_controller__rosidl_generator_cExport-noconfig.cmake
[14.077s] -- Installing: /home/bzvm/Drivetrain/install/motor_controller/share/motor_controller/cmake/motor_controller__rosidl_typesupport_introspection_cExport.cmake
[14.077s] -- Installing: /home/bzvm/Drivetrain/install/motor_controller/share/motor_controller/cmake/motor_controller__rosidl_typesupport_introspection_cExport-noconfig.cmake
[14.077s] -- Installing: /home/bzvm/Drivetrain/install/motor_controller/share/motor_controller/cmake/motor_controller__rosidl_typesupport_cExport.cmake
[14.077s] -- Installing: /home/bzvm/Drivetrain/install/motor_controller/share/motor_controller/cmake/motor_controller__rosidl_typesupport_cExport-noconfig.cmake
[14.078s] -- Installing: /home/bzvm/Drivetrain/install/motor_controller/share/motor_controller/cmake/motor_controller__rosidl_generator_cppExport.cmake
[14.078s] -- Installing: /home/bzvm/Drivetrain/install/motor_controller/share/motor_controller/cmake/motor_controller__rosidl_typesupport_introspection_cppExport.cmake
[14.078s] -- Installing: /home/bzvm/Drivetrain/install/motor_controller/share/motor_controller/cmake/motor_controller__rosidl_typesupport_introspection_cppExport-noconfig.cmake
[14.078s] -- Installing: /home/bzvm/Drivetrain/install/motor_controller/share/motor_controller/cmake/motor_controller__rosidl_typesupport_cppExport.cmake
[14.078s] -- Installing: /home/bzvm/Drivetrain/install/motor_controller/share/motor_controller/cmake/motor_controller__rosidl_typesupport_cppExport-noconfig.cmake
[14.079s] -- Installing: /home/bzvm/Drivetrain/install/motor_controller/share/ament_index/resource_index/rclcpp_components/motor_controller
[14.079s] -- Installing: /home/bzvm/Drivetrain/install/motor_controller/share/motor_controller/cmake/rosidl_cmake-extras.cmake
[14.079s] -- Installing: /home/bzvm/Drivetrain/install/motor_controller/share/motor_controller/cmake/ament_cmake_export_dependencies-extras.cmake
[14.079s] -- Installing: /home/bzvm/Drivetrain/install/motor_controller/share/motor_controller/cmake/ament_cmake_export_libraries-extras.cmake
[14.079s] -- Installing: /home/bzvm/Drivetrain/install/motor_controller/share/motor_controller/cmake/ament_cmake_export_targets-extras.cmake
[14.080s] -- Installing: /home/bzvm/Drivetrain/install/motor_controller/share/motor_controller/cmake/ament_cmake_export_include_directories-extras.cmake
[14.080s] -- Installing: /home/bzvm/Drivetrain/install/motor_controller/share/motor_controller/cmake/rosidl_cmake_export_typesupport_targets-extras.cmake
[14.080s] -- Installing: /home/bzvm/Drivetrain/install/motor_controller/share/motor_controller/cmake/motor_controllerConfig.cmake
[14.080s] -- Installing: /home/bzvm/Drivetrain/install/motor_controller/share/motor_controller/cmake/motor_controllerConfig-version.cmake
[14.080s] -- Installing: /home/bzvm/Drivetrain/install/motor_controller/share/motor_controller/package.xml
[14.082s] Invoked command in '/home/bzvm/Drivetrain/build/motor_controller' returned '0': CMAKE_PREFIX_PATH=/opt/ros/galactic /usr/bin/cmake --install /home/bzvm/Drivetrain/build/motor_controller
